[20180720 10:25:37-DEBUG][RequestAddCookies.java:122][main]-- CookieSpec selected: default
[20180720 10:25:37-DEBUG][RequestAuthCache.java:76][main]-- Auth cache not set in the context
[20180720 10:25:37-DEBUG][PoolingHttpClientConnectionManager.java:249][main]-- Connection request: [route: {}->http://www.baidu.com:80][total kept alive: 0; route allocated: 0 of 2; total allocated: 0 of 20]
[20180720 10:25:38-DEBUG][PoolingHttpClientConnectionManager.java:282][main]-- Connection leased: [id: 0][route: {}->http://www.baidu.com:80][total kept alive: 0; route allocated: 1 of 2; total allocated: 1 of 20]
[20180720 10:25:38-DEBUG][MainClientExec.java:234][main]-- Opening connection {}->http://www.baidu.com:80
[20180720 10:25:38-DEBUG][DefaultHttpClientConnectionOperator.java:138][main]-- Connecting to www.baidu.com/14.215.177.39:80
[20180720 10:25:38-DEBUG][DefaultHttpClientConnectionOperator.java:145][main]-- Connection established 10.10.10.207:51067<->14.215.177.39:80
[20180720 10:25:38-DEBUG][MainClientExec.java:255][main]-- Executing request GET / HTTP/1.1
[20180720 10:25:38-DEBUG][MainClientExec.java:260][main]-- Target auth state: UNCHALLENGED
[20180720 10:25:38-DEBUG][MainClientExec.java:266][main]-- Proxy auth state: UNCHALLENGED
[20180720 10:25:38-DEBUG][LoggingManagedHttpClientConnection.java:135][main]-- http-outgoing-0 >> GET / HTTP/1.1
[20180720 10:25:38-DEBUG][LoggingManagedHttpClientConnection.java:138][main]-- http-outgoing-0 >> Host: www.baidu.com
[20180720 10:25:38-DEBUG][LoggingManagedHttpClientConnection.java:138][main]-- http-outgoing-0 >> Connection: Keep-Alive
[20180720 10:25:38-DEBUG][LoggingManagedHttpClientConnection.java:138][main]-- http-outgoing-0 >> User-Agent: Apache-HttpClient/4.5.2 (Java/1.8.0_91)
[20180720 10:25:38-DEBUG][LoggingManagedHttpClientConnection.java:138][main]-- http-outgoing-0 >> Accept-Encoding: gzip,deflate
[20180720 10:25:38-DEBUG][Wire.java:72][main]-- http-outgoing-0 >> "GET / HTTP/1.1[\r][\n]"
[20180720 10:25:38-DEBUG][Wire.java:72][main]-- http-outgoing-0 >> "Host: www.baidu.com[\r][\n]"
[20180720 10:25:38-DEBUG][Wire.java:72][main]-- http-outgoing-0 >> "Connection: Keep-Alive[\r][\n]"
[20180720 10:25:38-DEBUG][Wire.java:72][main]-- http-outgoing-0 >> "User-Agent: Apache-HttpClient/4.5.2 (Java/1.8.0_91)[\r][\n]"
[20180720 10:25:38-DEBUG][Wire.java:72][main]-- http-outgoing-0 >> "Accept-Encoding: gzip,deflate[\r][\n]"
[20180720 10:25:38-DEBUG][Wire.java:72][main]-- http-outgoing-0 >> "[\r][\n]"
[20180720 10:25:38-DEBUG][Wire.java:72][main]-- http-outgoing-0 << "HTTP/1.1 200 OK[\r][\n]"
[20180720 10:25:38-DEBUG][Wire.java:72][main]-- http-outgoing-0 << "Cache-Control: private, no-cache, no-store, proxy-revalidate, no-transform[\r][\n]"
[20180720 10:25:38-DEBUG][Wire.java:72][main]-- http-outgoing-0 << "Connection: Keep-Alive[\r][\n]"
[20180720 10:25:38-DEBUG][Wire.java:72][main]-- http-outgoing-0 << "Content-Encoding: gzip[\r][\n]"
[20180720 10:25:38-DEBUG][Wire.java:72][main]-- http-outgoing-0 << "Content-Type: text/html[\r][\n]"
[20180720 10:25:38-DEBUG][Wire.java:72][main]-- http-outgoing-0 << "Date: Fri, 20 Jul 2018 02:25:45 GMT[\r][\n]"
[20180720 10:25:38-DEBUG][Wire.java:72][main]-- http-outgoing-0 << "Last-Modified: Mon, 23 Jan 2017 13:27:57 GMT[\r][\n]"
[20180720 10:25:38-DEBUG][Wire.java:72][main]-- http-outgoing-0 << "Pragma: no-cache[\r][\n]"
[20180720 10:25:38-DEBUG][Wire.java:72][main]-- http-outgoing-0 << "Server: bfe/1.0.8.18[\r][\n]"
[20180720 10:25:38-DEBUG][Wire.java:72][main]-- http-outgoing-0 << "Set-Cookie: BDORZ=27315; max-age=86400; domain=.baidu.com; path=/[\r][\n]"
[20180720 10:25:38-DEBUG][Wire.java:72][main]-- http-outgoing-0 << "Transfer-Encoding: chunked[\r][\n]"
[20180720 10:25:38-DEBUG][Wire.java:72][main]-- http-outgoing-0 << "[\r][\n]"
[20180720 10:25:38-DEBUG][Wire.java:72][main]-- http-outgoing-0 << "476[\r][\n]"
[20180720 10:25:38-DEBUG][Wire.java:72][main]-- http-outgoing-0 << "[0x1f][0x8b][0x8][0x0][0x0][0x0][0x0][0x0][0x0][0x3][0x85]V[o[0xdc]D[0x14]~G[0xe2]?L[0x8d][0x92][0xb4][0x8a]v[0x9d][0xdd]U[0xd5][0x92][0xb5][0x1d][0x85]4H[0x11][0xf][0xad]h"[0xc1][0xd3]jl[0x8f][0xd7][0xd3][0xd8]3[0xc6]3^gyj[0xa4][0x16][0x81][0xa0][0x4]T.[0x82]"[0x81][0x10]4< 5[0x88]HT)i[0xff][0xcc]:[0x97]'[0xfe][0x2]g[0xec][0xd9][0xec]n[0xb2]QW+[0xd9]s[0xe6][0xcc]w[0xbe]s[0x1d][Wn[0xdd]^Y[0xff][0xf0][0xce]*[\n]"
[20180720 10:25:38-DEBUG][Wire.java:72][main]-- http-outgoing-0 << "e[0x1c]9o[0xbe]a][0xa9][0xd5][0xee][0xae]/[0xaf]o[0xdc]E[0xb7][0xdf][0xab][0xd5][0x1c][0xab][0x94]#+$[0xd8]w[0xac][0x98]H[0xc][0x9a]2[0xa9][0x91][0x8f]2[0xda][0xb3]=[0xce]$a[0xb2]&[0xfb][0x9]AzaK[0xb2]%Mu[0xac][0xed][0x85]8[0x15]D[0xda][0x99][0xc]j7/[0x9e][0xfe][0xa0][0xb6][0xb1]\[[0xe1]q[0x82]%u[0xa3][0x11][0xc0][0xda][0xaa][0xbd][0xea]w[0x89]>0[0x84][0xc5]Q[0x8e][0xfb][0x2]1[0x1c][0x13];%[0x1]IS[0x92]:VD[0xd9]&JId[0xb][0xd9][0x8f][0x88][0x8][0x9][0x91]H[0xb1][0xa9]XxB[0xa0][0x10][0x94]m[0xc5]y[0xd1]4E[0xa3][0xee][0xfa]B[0x82]=[0xaf][0xee][0xf1][0xd8]L[0xcd]<[0xcf]M[0xf]{!1][0x9f][0xa7][0x1f][0x9b].[0xa6]~V[0x8f])[0xab][0xc3]Y[0xc7][0x92]TF[0xc4]9[0xfe][0xe1]eq[0xf0]t[0xf0][0xfc][0xfe][0xe0][0xf9][0xe7][0xff][0xfd][0xfb][0xc5][0xe0][0xf0][0x97]b[0xef][0xaf][0xe3][0x9f]?[0xdd]~l[0x99][0x95][0x8a]e[0x96][0x11]B[0x96][0xcb][0xfd]>R[0xac][0xec][0xb7][0x16][0xe0][0xe7]y[0xe][0xb2]|[0xda]C[0xd4][0xb7][0xf3][0x14]'[0x9][0x90]>[0x13][0xe8]#j[0xdb][0x8b][0xb0][0x10][0xb6][0x12]t&[0xd5][0xaa][\r][0xd1][0x9]x[0x1a][0xeb][0x93][0xe3][0xa2]s[0xda]`%[0xea][0x82][0x1a][0x8d][0xbb]([0xa4]>[0x9][0xb8][0x97][0x9][[0xa6][0x19]A"[0xf5]lS[0xf9][[0xaf]|T[0xfe][0x83][0x1a][0xf8][0xdd][0x89]x[0x97]7[0xea][0x9][0xeb][0xa2][0x9c][0xfa]2[0xb4][0x9b]7[0x16]PHh7[0x94]v[0xa3][0xf9]6[0xc0][0x99]@[0x11][0x1e][0x8a][0x83]r[0xa4]|[0x96][0x89][0x8][0x10][0xf6]$[0xe5][0xec][0x2][0xb2][0xd0][0x1e][0x5][0x8a]4eI[0xa6][0xd3][0x2][0xa4]|[0xc2][0xaa],[0x96][0x11][0xef][0x0][0xf][0x82]z8[0xca][0x88][0xdd][0xb8]\[0x97][0xe]u[0xaa]Z[0xba][0x14]3[0xd0]P7/[0x87]JE[0xaf][0xe3]&[0xaf]7[0xa9][0xf4][0xa8][0xbf][0xf5]zE[0xc9][0xb4]N[0x19]X[0xc7][0x12][0x9]f[0xda]}[0xc3][0xed]"[0xd1][0xa1][0x89][0x84]<[0x19][0x8e][0xe][0x4]Dp3[0xaf]B[0x90][0xfb]Z[0xb1]T[0xaa]`P[0x8c][0xb7]"[0xc2][0xba]*[0x11][0xd7][0xaf]#[0x9c]I[0xe]1J""[0x89][0xcd][0x3][0x88]8[0x8][0xca][0xbc]:[0x96][0xa9]LM1[0xe8]J6n[0xb0]l[0x8][0x91][0xb9]1[0x95]*}"[0xd3]|[0xc7][0xeb]z[0x82]0[0x9c][0x7][0xb6][0x15]:d_[0xd7][0x9e][0xae][0x2][0xfd][0xd0]E[0x9d][0xa9][0xa4][0xc1]P[0x18][0xeb]2Fr1*[0xb2][0xca]Qy[0xaf]#S[0xb5][0xa1][0xed][0xc4][0xc][0xf7][0x9c][0xa3][0xef][0xf6]N[0xbf]a[0x99][0xf8][0x2][0x84]*[0xd3][0x10][0xf3]F[0xb3][0xa5][0xfa]t[0xc][0xa2][0x12][0x8e][0x83]T[0x92]i 1N[0xa6][0xd2][0x0][0xf9]8@[0xf1][0xd3]^[0xf1][0xe4][0xe5]4[0x80][0xde][0xd4][0xe3]=[0xe8]+>[0xe]p[0xb2][0xfb][0xc9][0xe9][0xaf]_O[0x3][0x90][0x94][0xb8]x*H[0xb9]3[0x1][0xb2][0xbf]_|[0xb5][[0x81]0.[0xbc][0x14][0x8a]fjXF[0xdd][M,h^[0x98]V][0x1a],[0x95]o[0xb3]8N[0xda]2[0x89][0xec][0x98][0x95][0xaf]Y9[0xfb]fZ[0xcb]3[0xcd]w[0xe1]?[0xd1][0xff]3[0xcd]`[0xa6][0x15][0x8c][0xda]p[0xa6][0xe5]7[0xce]b][0xa2]i[0x86][0x91][0xb]3[0xf0]Eq[0xf8]m[0xc5][0xcf][0x1c]#[0xa8][0x99][0xfa]0hb[0xb8][\n]"
[20180720 10:25:38-DEBUG][Wire.java:86][main]-- http-outgoing-0 << "[0xea]yJ%[0xb9]:7,[0x9]CO[0xde][0x9][0xbb]z[0xd6][0x9e]g[0xae]Yg[0xf6][0xdc]<"[0xcc][0xe3]>[0xd9]xm[0x5]J[0x9f]3@[0xbe][0x9a]S[0xe6][0xf3][0xbc][0x1e]q[0xf][0xe6]7guUr[0xf3][0xe8][0x82]X[0x10][0x9c]z![0xb2]m[0x1b][0x19][0x6]ZB[0xc6][0x92][0x81][0x16][0x91]1k\[0x9b]G[0xc6][0xc8]W[0xbb][0xa1][0x4]sF[0xe5][0xaf][0x1][0xf5]Y[0xd2]1[0xb4][0xc7]F[0xe4][0x1a]c>[0xcf]]kC;[0x9c]K[0xca][0xf9]i[0x1a][0xf3][0x94][0x98]g[0xf1]sSJ[0xe1][0xee][0xd2]x[0xb0]B[0xe5][0x15]e[0x1b]>[0x15]I[0x84][0xfb][0x8b][0xc8][0x5]W6[0xdb][0x86]s[0xf4]d[0xbf][0xf8][0xed][0xc7][0xc1][0xc1]n[0xf1]x[[0x7][0xb8][0x9a][0xb7]S[0x1b].[0x90]+[0x9c]Ae[0xe8][0xfe]+[0x97]9[0xac][0x13][0xd5][0xda]Qx[0xa1]fB[0x98][0xaf][0xa3][0x12]t[0x8a][0x87][0xf][0xe][0xbe][0xac]:Z[0xc9][0xd2]tLy[0xd9][0xe5]0[0xb8][0xdf]Qw[0xa2]&[0x96][0xc]-y[0x89]3[0xeb][0xf1][0xa4][0xdf]n.4n[0xcc]2W$[0xed]R[0xaf]z[0x1d][0xa6]j[0xf6][0xfd]L[0xf6]Mgp[0xf8][0xea][0xf8][0x9b]?*"[0xc5]g[0x8f][0x8a]W[0xf]O[0x9e][0x95][0xb3][0xa0]B8?T[0xee]Q[0xcc][0xfa]t[0xc4]"
[20180720 10:25:38-DEBUG][LoggingManagedHttpClientConnection.java:124][main]-- http-outgoing-0 << HTTP/1.1 200 OK
[20180720 10:25:38-DEBUG][LoggingManagedHttpClientConnection.java:127][main]-- http-outgoing-0 << Cache-Control: private, no-cache, no-store, proxy-revalidate, no-transform
[20180720 10:25:38-DEBUG][LoggingManagedHttpClientConnection.java:127][main]-- http-outgoing-0 << Connection: Keep-Alive
[20180720 10:25:38-DEBUG][LoggingManagedHttpClientConnection.java:127][main]-- http-outgoing-0 << Content-Encoding: gzip
[20180720 10:25:38-DEBUG][LoggingManagedHttpClientConnection.java:127][main]-- http-outgoing-0 << Content-Type: text/html
[20180720 10:25:38-DEBUG][LoggingManagedHttpClientConnection.java:127][main]-- http-outgoing-0 << Date: Fri, 20 Jul 2018 02:25:45 GMT
[20180720 10:25:38-DEBUG][LoggingManagedHttpClientConnection.java:127][main]-- http-outgoing-0 << Last-Modified: Mon, 23 Jan 2017 13:27:57 GMT
[20180720 10:25:38-DEBUG][LoggingManagedHttpClientConnection.java:127][main]-- http-outgoing-0 << Pragma: no-cache
[20180720 10:25:38-DEBUG][LoggingManagedHttpClientConnection.java:127][main]-- http-outgoing-0 << Server: bfe/1.0.8.18
[20180720 10:25:38-DEBUG][LoggingManagedHttpClientConnection.java:127][main]-- http-outgoing-0 << Set-Cookie: BDORZ=27315; max-age=86400; domain=.baidu.com; path=/
[20180720 10:25:38-DEBUG][LoggingManagedHttpClientConnection.java:127][main]-- http-outgoing-0 << Transfer-Encoding: chunked
[20180720 10:25:38-DEBUG][MainClientExec.java:284][main]-- Connection can be kept alive indefinitely
[20180720 10:25:38-DEBUG][ResponseProcessCookies.java:118][main]-- Cookie accepted [BDORZ="27315", version:0, domain:baidu.com, path:/, expiry:null]
[20180720 10:25:38-DEBUG][Wire.java:72][main]-- http-outgoing-0 << "[0xcd][0xd4][0x81][0xf5][0x92]Z@[0x88][0xef]bo[0xd3]9z[0xb0]s[0xb2][0xbb]][0xec]<:}[0xfa][0xa9][0xe2][![\r][0xe][0xfe]\[[0xb9]s[0xf2]l{[0xa1][0x5]T[[0xc5][0xce]?C[0xb][0xea][0x96][0xbc][0xec]Z[0xec][\n]"
[20180720 10:25:38-DEBUG][Wire.java:72][main]-- http-outgoing-0 << "[0xd5]S[0xe0][0xad][0xa9]\[0x9e][0xcc][0xc4]p[0xa5][0xee]z[0xb5][0xa9][0xbf][0x9d][0xfe][0x7]\[0x85]C[0x1]M[0x9][0x0][0x0][\r][\n]"
[20180720 10:25:38-DEBUG][Wire.java:72][main]-- http-outgoing-0 << "0[\r][\n]"
[20180720 10:25:38-DEBUG][Wire.java:72][main]-- http-outgoing-0 << "[\r][\n]"
[20180720 10:25:38-DEBUG][PoolingHttpClientConnectionManager.java:314][main]-- Connection [id: 0][route: {}->http://www.baidu.com:80] can be kept alive indefinitely
[20180720 10:25:38-DEBUG][PoolingHttpClientConnectionManager.java:320][main]-- Connection released: [id: 0][route: {}->http://www.baidu.com:80][total kept alive: 1; route allocated: 1 of 2; total allocated: 1 of 20]
[20180720 10:28:49-DEBUG][RequestAddCookies.java:122][main]-- CookieSpec selected: default
[20180720 10:28:49-DEBUG][RequestAuthCache.java:76][main]-- Auth cache not set in the context
[20180720 10:28:49-DEBUG][PoolingHttpClientConnectionManager.java:249][main]-- Connection request: [route: {}->http://www.baidu.com:80][total kept alive: 0; route allocated: 0 of 2; total allocated: 0 of 20]
[20180720 10:28:49-DEBUG][PoolingHttpClientConnectionManager.java:282][main]-- Connection leased: [id: 0][route: {}->http://www.baidu.com:80][total kept alive: 0; route allocated: 1 of 2; total allocated: 1 of 20]
[20180720 10:28:49-DEBUG][MainClientExec.java:234][main]-- Opening connection {}->http://www.baidu.com:80
[20180720 10:28:49-DEBUG][DefaultHttpClientConnectionOperator.java:138][main]-- Connecting to www.baidu.com/14.215.177.39:80
[20180720 10:28:49-DEBUG][DefaultHttpClientConnectionOperator.java:145][main]-- Connection established 10.10.10.207:51228<->14.215.177.39:80
[20180720 10:28:49-DEBUG][MainClientExec.java:255][main]-- Executing request GET / HTTP/1.1
[20180720 10:28:49-DEBUG][MainClientExec.java:260][main]-- Target auth state: UNCHALLENGED
[20180720 10:28:49-DEBUG][MainClientExec.java:266][main]-- Proxy auth state: UNCHALLENGED
[20180720 10:28:49-DEBUG][LoggingManagedHttpClientConnection.java:135][main]-- http-outgoing-0 >> GET / HTTP/1.1
[20180720 10:28:49-DEBUG][LoggingManagedHttpClientConnection.java:138][main]-- http-outgoing-0 >> Host: www.baidu.com
[20180720 10:28:49-DEBUG][LoggingManagedHttpClientConnection.java:138][main]-- http-outgoing-0 >> Connection: Keep-Alive
[20180720 10:28:49-DEBUG][LoggingManagedHttpClientConnection.java:138][main]-- http-outgoing-0 >> User-Agent: Apache-HttpClient/4.5.2 (Java/1.8.0_91)
[20180720 10:28:49-DEBUG][LoggingManagedHttpClientConnection.java:138][main]-- http-outgoing-0 >> Accept-Encoding: gzip,deflate
[20180720 10:28:49-DEBUG][Wire.java:72][main]-- http-outgoing-0 >> "GET / HTTP/1.1[\r][\n]"
[20180720 10:28:49-DEBUG][Wire.java:72][main]-- http-outgoing-0 >> "Host: www.baidu.com[\r][\n]"
[20180720 10:28:49-DEBUG][Wire.java:72][main]-- http-outgoing-0 >> "Connection: Keep-Alive[\r][\n]"
[20180720 10:28:49-DEBUG][Wire.java:72][main]-- http-outgoing-0 >> "User-Agent: Apache-HttpClient/4.5.2 (Java/1.8.0_91)[\r][\n]"
[20180720 10:28:49-DEBUG][Wire.java:72][main]-- http-outgoing-0 >> "Accept-Encoding: gzip,deflate[\r][\n]"
[20180720 10:28:49-DEBUG][Wire.java:72][main]-- http-outgoing-0 >> "[\r][\n]"
[20180720 10:28:49-DEBUG][Wire.java:72][main]-- http-outgoing-0 << "HTTP/1.1 200 OK[\r][\n]"
[20180720 10:28:49-DEBUG][Wire.java:72][main]-- http-outgoing-0 << "Cache-Control: private, no-cache, no-store, proxy-revalidate, no-transform[\r][\n]"
[20180720 10:28:49-DEBUG][Wire.java:72][main]-- http-outgoing-0 << "Connection: Keep-Alive[\r][\n]"
[20180720 10:28:49-DEBUG][Wire.java:72][main]-- http-outgoing-0 << "Content-Encoding: gzip[\r][\n]"
[20180720 10:28:49-DEBUG][Wire.java:72][main]-- http-outgoing-0 << "Content-Type: text/html[\r][\n]"
[20180720 10:28:49-DEBUG][Wire.java:72][main]-- http-outgoing-0 << "Date: Fri, 20 Jul 2018 02:28:57 GMT[\r][\n]"
[20180720 10:28:49-DEBUG][Wire.java:72][main]-- http-outgoing-0 << "Last-Modified: Mon, 23 Jan 2017 13:27:52 GMT[\r][\n]"
[20180720 10:28:49-DEBUG][Wire.java:72][main]-- http-outgoing-0 << "Pragma: no-cache[\r][\n]"
[20180720 10:28:49-DEBUG][Wire.java:72][main]-- http-outgoing-0 << "Server: bfe/1.0.8.18[\r][\n]"
[20180720 10:28:49-DEBUG][Wire.java:72][main]-- http-outgoing-0 << "Set-Cookie: BDORZ=27315; max-age=86400; domain=.baidu.com; path=/[\r][\n]"
[20180720 10:28:49-DEBUG][Wire.java:72][main]-- http-outgoing-0 << "Transfer-Encoding: chunked[\r][\n]"
[20180720 10:28:49-DEBUG][Wire.java:72][main]-- http-outgoing-0 << "[\r][\n]"
[20180720 10:28:49-DEBUG][Wire.java:72][main]-- http-outgoing-0 << "476[\r][\n]"
[20180720 10:28:49-DEBUG][Wire.java:72][main]-- http-outgoing-0 << "[0x1f][0x8b][0x8][0x0][0x0][0x0][0x0][0x0][0x0][0x3][0x85]V[o[0xdc]D[0x14]~G[0xe2]?L[0x8d][0x92][0xb4][0x8a]v[0x9d][0xdd]U[0xd5][0x92][0xb5][0x1d][0x85]4H[0x11][0xf][0xad]h"[0xc1][0xd3]jl[0x8f][0xd7][0xd3][0xd8]3[0xc6]3^gyj[0xa4][0x16][0x81][0xa0][0x4]T.[0x82]"[0x81][0x10]4< 5[0x88]HT)i[0xff][0xcc]:[0x97]'[0xfe][0x2]g[0xec][0xd9][0xec]n[0xb2]QW+[0xd9]s[0xe6][0xcc]w[0xbe]s[0x1d][Wn[0xdd]^Y[0xff][0xf0][0xce]*[\n]"
[20180720 10:28:49-DEBUG][Wire.java:72][main]-- http-outgoing-0 << "e[0x1c]9o[0xbe]a][0xa9][0xd5][0xee][0xae]/[0xaf]o[0xdc]E[0xb7][0xdf][0xab][0xd5][0x1c][0xab][0x94]#+$[0xd8]w[0xac][0x98]H[0xc][0x9a]2[0xa9][0x91][0x8f]2[0xda][0xb3]=[0xce]$a[0xb2]&[0xfb][0x9]AzaK[0xb2]%Mu[0xac][0xed][0x85]8[0x15]D[0xda][0x99][0xc]j7/[0x9e][0xfe][0xa0][0xb6][0xb1]\[[0xe1]q[0x82]%u[0xa3][0x11][0xc0][0xda][0xaa][0xbd][0xea]w[0x89]>0[0x84][0xc5]Q[0x8e][0xfb][0x2]1[0x1c][0x13];%[0x1]IS[0x92]:VD[0xd9]&JId[0xb][0xd9][0x8f][0x88][0x8][0x9][0x91]H[0xb1][0xa9]XxB[0xa0][0x10][0x94]m[0xc5]y[0xd1]4E[0xa3][0xee][0xfa]B[0x82]=[0xaf][0xee][0xf1][0xd8]L[0xcd]<[0xcf]M[0xf]{!1][0x9f][0xa7][0x1f][0x9b].[0xa6]~V[0x8f])[0xab][0xc3]Y[0xc7][0x92]TF[0xc4]9[0xfe][0xe1]eq[0xf0]t[0xf0][0xfc][0xfe][0xe0][0xf9][0xe7][0xff][0xfd][0xfb][0xc5][0xe0][0xf0][0x97]b[0xef][0xaf][0xe3][0x9f]?[0xdd]~l[0x99][0x95][0x8a]e[0x96][0x11]B[0x96][0xcb][0xfd]>R[0xac][0xec][0xb7][0x16][0xe0][0xe7]y[0xe][0xb2]|[0xda]C[0xd4][0xb7][0xf3][0x14]'[0x9][0x90]>[0x13][0xe8]#j[0xdb][0x8b][0xb0][0x10][0xb6][0x12]t&[0xd5][0xaa][\r][0xd1][0x9]x[0x1a][0xeb][0x93][0xe3][0xa2]s[0xda]`%[0xea][0x82][0x1a][0x8d][0xbb]([0xa4]>[0x9][0xb8][0x97][0x9][[0xa6][0x19]A"[0xf5]lS[0xf9][[0xaf]|T[0xfe][0x83][0x1a][0xf8][0xdd][0x89]x[0x97]7[0xea][0x9][0xeb][0xa2][0x9c][0xfa]2[0xb4][0x9b]7[0x16]PHh7[0x94]v[0xa3][0xf9]6[0xc0][0x99]@[0x11][0x1e][0x8a][0x83]r[0xa4]|[0x96][0x89][0x8][0x10][0xf6]$[0xe5][0xec][0x2][0xb2][0xd0][0x1e][0x5][0x8a]4eI[0xa6][0xd3][0x2][0xa4]|[0xc2][0xaa],[0x96][0x11][0xef][0x0][0xf][0x82]z8[0xca][0x88][0xdd][0xb8]\[0x97][0xe]u[0xaa]Z[0xba][0x14]3[0xd0]P7/[0x87]JE[0xaf][0xe3]&[0xaf]7[0xa9][0xf4][0xa8][0xbf][0xf5]zE[0xc9][0xb4]N[0x19]X[0xc7][0x12][0x9]f[0xda]}[0xc3][0xed]"[0xd1][0xa1][0x89][0x84]<[0x19][0x8e][0xe][0x4]Dp3[0xaf]B[0x90][0xfb]Z[0xb1]T[0xaa]`P[0x8c][0xb7]"[0xc2][0xba]*[0x11][0xd7][0xaf]#[0x9c]I[0xe]1J""[0x89][0xcd][0x3][0x88]8[0x8][0xca][0xbc]:[0x96][0xa9]LM1[0xe8]J6n[0xb0]l[0x8][0x91][0xb9]1[0x95]*}"[0xd3]|[0xc7][0xeb]z[0x82]0[0x9c][0x7][0xb6][0x15]:d_[0xd7][0x9e][0xae][0x2][0xfd][0xd0]E[0x9d][0xa9][0xa4][0xc1]P[0x18][0xeb]2Fr1*[0xb2][0xca]Qy[0xaf]#S[0xb5][0xa1][0xed][0xc4][0xc][0xf7][0x9c][0xa3][0xef][0xf6]N[0xbf]a[0x99][0xf8][0x2][0x84]*[0xd3][0x10][0xf3]F[0xb3][0xa5][0xfa]t[0xc][0xa2][0x12][0x8e][0x83]T[0x92]i 1N[0xa6][0xd2][0x0][0xf9]8@[0xf1][0xd3]^[0xf1][0xe4][0xe5]4[0x80][0xde][0xd4][0xe3]=[0xe8]+>[0xe]p[0xb2][0xfb][0xc9][0xe9][0xaf]_O[0x3][0x90][0x94][0xb8]x*H[0xb9]3[0x1][0xb2][0xbf]_|[0xb5][[0x81]0.[0xbc][0x14][0x8a]fjXF[0xdd][M,h^[0x98]V][0x1a],[0x95]o[0xb3]8N[0xda]2[0x89][0xec][0x98][0x95][0xaf]Y9[0xfb]fZ[0xcb]3[0xcd]w[0xe1]?[0xd1][0xff]3[0xcd]`[0xa6][0x15][0x8c][0xda]p[0xa6][0xe5]7[0xce]b][0xa2]i[0x86][0x91][0xb]3[0xf0]Eq[0xf8]m[0xc5][0xcf][0x1c]#[0xa8][0x99][0xfa]0hb[0xb8][\n]"
[20180720 10:28:49-DEBUG][Wire.java:86][main]-- http-outgoing-0 << "[0xea]yJ%[0xb9]:7,[0x9]CO[0xde][0x9][0xbb]z[0xd6][0x9e]g[0xae]Yg[0xf6][0xdc]<"[0xcc][0xe3]>[0xd9]xm[0x5]J[0x9f]3@[0xbe][0x9a]S[0xe6][0xf3][0xbc][0x1e]q[0xf][0xe6]7guUr[0xf3][0xe8][0x82]X[0x10][0x9c]z![0xb2]m[0x1b][0x19][0x6]ZB[0xc6][0x92][0x81][0x16][0x91]1k\[0x9b]G[0xc6][0xc8]W[0xbb][0xa1][0x4]sF[0xe5][0xaf][0x1][0xf5]Y[0xd2]1[0xb4][0xc7]F[0xe4][0x1a]c>[0xcf]]kC;[0x9c]K[0xca][0xf9]i[0x1a][0xf3][0x94][0x98]g[0xf1]sSJ[0xe1][0xee][0xd2]x[0xb0]B[0xe5][0x15]e[0x1b]>[0x15]I[0x84][0xfb][0x8b][0xc8][0x5]W6[0xdb][0x86]s[0xf4]d[0xbf][0xf8][0xed][0xc7][0xc1][0xc1]n[0xf1]x[[0x7][0xb8][0x9a][0xb7]S[0x1b].[0x90]+[0x9c]Ae[0xe8][0xfe]+[0x97]9[0xac][0x13][0xd5][0xda]Qx[0xa1]fB[0x98][0xaf][0xa3][0x12]t[0x8a][0x87][0xf][0xe][0xbe][0xac]:Z[0xc9][0xd2]tLy[0xd9][0xe5]0[0xb8][0xdf]Qw[0xa2]&[0x96][0xc]-y[0x89]3[0xeb][0xf1][0xa4][0xdf]n.4n[0xcc]2W$[0xed]R[0xaf]z[0x1d][0xa6]j[0xf6][0xfd]L[0xf6]Mgp[0xf8][0xea][0xf8][0x9b]?*"[0xc5]g[0x8f][0x8a]W[0xf]O[0x9e][0x95][0xb3][0xa0]B8?T[0xee]Q[0xcc][0xfa]t[0xc4]"
[20180720 10:28:49-DEBUG][LoggingManagedHttpClientConnection.java:124][main]-- http-outgoing-0 << HTTP/1.1 200 OK
[20180720 10:28:49-DEBUG][LoggingManagedHttpClientConnection.java:127][main]-- http-outgoing-0 << Cache-Control: private, no-cache, no-store, proxy-revalidate, no-transform
[20180720 10:28:49-DEBUG][LoggingManagedHttpClientConnection.java:127][main]-- http-outgoing-0 << Connection: Keep-Alive
[20180720 10:28:49-DEBUG][LoggingManagedHttpClientConnection.java:127][main]-- http-outgoing-0 << Content-Encoding: gzip
[20180720 10:28:49-DEBUG][LoggingManagedHttpClientConnection.java:127][main]-- http-outgoing-0 << Content-Type: text/html
[20180720 10:28:49-DEBUG][LoggingManagedHttpClientConnection.java:127][main]-- http-outgoing-0 << Date: Fri, 20 Jul 2018 02:28:57 GMT
[20180720 10:28:49-DEBUG][LoggingManagedHttpClientConnection.java:127][main]-- http-outgoing-0 << Last-Modified: Mon, 23 Jan 2017 13:27:52 GMT
[20180720 10:28:49-DEBUG][LoggingManagedHttpClientConnection.java:127][main]-- http-outgoing-0 << Pragma: no-cache
[20180720 10:28:49-DEBUG][LoggingManagedHttpClientConnection.java:127][main]-- http-outgoing-0 << Server: bfe/1.0.8.18
[20180720 10:28:49-DEBUG][LoggingManagedHttpClientConnection.java:127][main]-- http-outgoing-0 << Set-Cookie: BDORZ=27315; max-age=86400; domain=.baidu.com; path=/
[20180720 10:28:49-DEBUG][LoggingManagedHttpClientConnection.java:127][main]-- http-outgoing-0 << Transfer-Encoding: chunked
[20180720 10:28:49-DEBUG][MainClientExec.java:284][main]-- Connection can be kept alive indefinitely
[20180720 10:28:49-DEBUG][ResponseProcessCookies.java:118][main]-- Cookie accepted [BDORZ="27315", version:0, domain:baidu.com, path:/, expiry:null]
[20180720 10:28:49-DEBUG][Wire.java:72][main]-- http-outgoing-0 << "[0xcd][0xd4][0x81][0xf5][0x92]Z@[0x88][0xef]bo[0xd3]9z[0xb0]s[0xb2][0xbb]][0xec]<:}[0xfa][0xa9][0xe2][![\r][0xe][0xfe]\[[0xb9]s[0xf2]l{[0xa1][0x5]T[[0xc5][0xce]?C[0xb][0xea][0x96][0xbc][0xec]Z[0xec][\n]"
[20180720 10:28:49-DEBUG][Wire.java:72][main]-- http-outgoing-0 << "[0xd5]S[0xe0][0xad][0xa9]\[0x9e][0xcc][0xc4]p[0xa5][0xee]z[0xb5][0xa9][0xbf][0x9d][0xfe][0x7]\[0x85]C[0x1]M[0x9][0x0][0x0][\r][\n]"
[20180720 10:28:49-DEBUG][Wire.java:72][main]-- http-outgoing-0 << "0[\r][\n]"
[20180720 10:28:49-DEBUG][Wire.java:72][main]-- http-outgoing-0 << "[\r][\n]"
[20180720 10:28:49-DEBUG][PoolingHttpClientConnectionManager.java:314][main]-- Connection [id: 0][route: {}->http://www.baidu.com:80] can be kept alive indefinitely
[20180720 10:28:49-DEBUG][PoolingHttpClientConnectionManager.java:320][main]-- Connection released: [id: 0][route: {}->http://www.baidu.com:80][total kept alive: 1; route allocated: 1 of 2; total allocated: 1 of 20]
[20180720 10:29:32-DEBUG][RequestAddCookies.java:122][main]-- CookieSpec selected: default
[20180720 10:29:32-DEBUG][RequestAuthCache.java:76][main]-- Auth cache not set in the context
[20180720 10:29:32-DEBUG][PoolingHttpClientConnectionManager.java:249][main]-- Connection request: [route: {}->http://www.baidu.com:80][total kept alive: 0; route allocated: 0 of 2; total allocated: 0 of 20]
[20180720 10:29:32-DEBUG][PoolingHttpClientConnectionManager.java:282][main]-- Connection leased: [id: 0][route: {}->http://www.baidu.com:80][total kept alive: 0; route allocated: 1 of 2; total allocated: 1 of 20]
[20180720 10:29:32-DEBUG][MainClientExec.java:234][main]-- Opening connection {}->http://www.baidu.com:80
[20180720 10:29:32-DEBUG][DefaultHttpClientConnectionOperator.java:138][main]-- Connecting to www.baidu.com/14.215.177.39:80
[20180720 10:29:32-DEBUG][DefaultHttpClientConnectionOperator.java:145][main]-- Connection established 10.10.10.207:51242<->14.215.177.39:80
[20180720 10:29:32-DEBUG][MainClientExec.java:255][main]-- Executing request GET / HTTP/1.1
[20180720 10:29:32-DEBUG][MainClientExec.java:260][main]-- Target auth state: UNCHALLENGED
[20180720 10:29:32-DEBUG][MainClientExec.java:266][main]-- Proxy auth state: UNCHALLENGED
[20180720 10:29:32-DEBUG][LoggingManagedHttpClientConnection.java:135][main]-- http-outgoing-0 >> GET / HTTP/1.1
[20180720 10:29:32-DEBUG][LoggingManagedHttpClientConnection.java:138][main]-- http-outgoing-0 >> Host: www.baidu.com
[20180720 10:29:32-DEBUG][LoggingManagedHttpClientConnection.java:138][main]-- http-outgoing-0 >> Connection: Keep-Alive
[20180720 10:29:32-DEBUG][LoggingManagedHttpClientConnection.java:138][main]-- http-outgoing-0 >> User-Agent: Apache-HttpClient/4.5.2 (Java/1.8.0_91)
[20180720 10:29:32-DEBUG][LoggingManagedHttpClientConnection.java:138][main]-- http-outgoing-0 >> Accept-Encoding: gzip,deflate
[20180720 10:29:32-DEBUG][Wire.java:72][main]-- http-outgoing-0 >> "GET / HTTP/1.1[\r][\n]"
[20180720 10:29:32-DEBUG][Wire.java:72][main]-- http-outgoing-0 >> "Host: www.baidu.com[\r][\n]"
[20180720 10:29:32-DEBUG][Wire.java:72][main]-- http-outgoing-0 >> "Connection: Keep-Alive[\r][\n]"
[20180720 10:29:32-DEBUG][Wire.java:72][main]-- http-outgoing-0 >> "User-Agent: Apache-HttpClient/4.5.2 (Java/1.8.0_91)[\r][\n]"
[20180720 10:29:32-DEBUG][Wire.java:72][main]-- http-outgoing-0 >> "Accept-Encoding: gzip,deflate[\r][\n]"
[20180720 10:29:32-DEBUG][Wire.java:72][main]-- http-outgoing-0 >> "[\r][\n]"
[20180720 10:29:32-DEBUG][Wire.java:72][main]-- http-outgoing-0 << "HTTP/1.1 200 OK[\r][\n]"
[20180720 10:29:32-DEBUG][Wire.java:72][main]-- http-outgoing-0 << "Cache-Control: private, no-cache, no-store, proxy-revalidate, no-transform[\r][\n]"
[20180720 10:29:32-DEBUG][Wire.java:72][main]-- http-outgoing-0 << "Connection: Keep-Alive[\r][\n]"
[20180720 10:29:32-DEBUG][Wire.java:72][main]-- http-outgoing-0 << "Content-Encoding: gzip[\r][\n]"
[20180720 10:29:32-DEBUG][Wire.java:72][main]-- http-outgoing-0 << "Content-Type: text/html[\r][\n]"
[20180720 10:29:32-DEBUG][Wire.java:72][main]-- http-outgoing-0 << "Date: Fri, 20 Jul 2018 02:29:39 GMT[\r][\n]"
[20180720 10:29:32-DEBUG][Wire.java:72][main]-- http-outgoing-0 << "Last-Modified: Mon, 23 Jan 2017 13:27:43 GMT[\r][\n]"
[20180720 10:29:32-DEBUG][Wire.java:72][main]-- http-outgoing-0 << "Pragma: no-cache[\r][\n]"
[20180720 10:29:32-DEBUG][Wire.java:72][main]-- http-outgoing-0 << "Server: bfe/1.0.8.18[\r][\n]"
[20180720 10:29:32-DEBUG][Wire.java:72][main]-- http-outgoing-0 << "Set-Cookie: BDORZ=27315; max-age=86400; domain=.baidu.com; path=/[\r][\n]"
[20180720 10:29:32-DEBUG][Wire.java:72][main]-- http-outgoing-0 << "Transfer-Encoding: chunked[\r][\n]"
[20180720 10:29:32-DEBUG][Wire.java:72][main]-- http-outgoing-0 << "[\r][\n]"
[20180720 10:29:32-DEBUG][Wire.java:72][main]-- http-outgoing-0 << "476[\r][\n]"
[20180720 10:29:32-DEBUG][Wire.java:72][main]-- http-outgoing-0 << "[0x1f][0x8b][0x8][0x0][0x0][0x0][0x0][0x0][0x0][0x3][0x85]V[o[0xdc]D[0x14]~G[0xe2]?L[0x8d][0x92][0xb4][0x8a]v[0x9d][0xdd]U[0xd5][0x92][0xb5][0x1d][0x85]4H[0x11][0xf][0xad]h"[0xc1][0xd3]jl[0x8f][0xd7][0xd3][0xd8]3[0xc6]3^gyj[0xa4][0x16][0x81][0xa0][0x4]T.[0x82]"[0x81][0x10]4< 5[0x88]HT)i[0xff][0xcc]:[0x97]'[0xfe][0x2]g[0xec][0xd9][0xec]n[0xb2]QW+[0xd9]s[0xe6][0xcc]w[0xbe]s[0x1d][Wn[0xdd]^Y[0xff][0xf0][0xce]*[\n]"
[20180720 10:29:32-DEBUG][Wire.java:72][main]-- http-outgoing-0 << "e[0x1c]9o[0xbe]a][0xa9][0xd5][0xee][0xae]/[0xaf]o[0xdc]E[0xb7][0xdf][0xab][0xd5][0x1c][0xab][0x94]#+$[0xd8]w[0xac][0x98]H[0xc][0x9a]2[0xa9][0x91][0x8f]2[0xda][0xb3]=[0xce]$a[0xb2]&[0xfb][0x9]AzaK[0xb2]%Mu[0xac][0xed][0x85]8[0x15]D[0xda][0x99][0xc]j7/[0x9e][0xfe][0xa0][0xb6][0xb1]\[[0xe1]q[0x82]%u[0xa3][0x11][0xc0][0xda][0xaa][0xbd][0xea]w[0x89]>0[0x84][0xc5]Q[0x8e][0xfb][0x2]1[0x1c][0x13];%[0x1]IS[0x92]:VD[0xd9]&JId[0xb][0xd9][0x8f][0x88][0x8][0x9][0x91]H[0xb1][0xa9]XxB[0xa0][0x10][0x94]m[0xc5]y[0xd1]4E[0xa3][0xee][0xfa]B[0x82]=[0xaf][0xee][0xf1][0xd8]L[0xcd]<[0xcf]M[0xf]{!1][0x9f][0xa7][0x1f][0x9b].[0xa6]~V[0x8f])[0xab][0xc3]Y[0xc7][0x92]TF[0xc4]9[0xfe][0xe1]eq[0xf0]t[0xf0][0xfc][0xfe][0xe0][0xf9][0xe7][0xff][0xfd][0xfb][0xc5][0xe0][0xf0][0x97]b[0xef][0xaf][0xe3][0x9f]?[0xdd]~l[0x99][0x95][0x8a]e[0x96][0x11]B[0x96][0xcb][0xfd]>R[0xac][0xec][0xb7][0x16][0xe0][0xe7]y[0xe][0xb2]|[0xda]C[0xd4][0xb7][0xf3][0x14]'[0x9][0x90]>[0x13][0xe8]#j[0xdb][0x8b][0xb0][0x10][0xb6][0x12]t&[0xd5][0xaa][\r][0xd1][0x9]x[0x1a][0xeb][0x93][0xe3][0xa2]s[0xda]`%[0xea][0x82][0x1a][0x8d][0xbb]([0xa4]>[0x9][0xb8][0x97][0x9][[0xa6][0x19]A"[0xf5]lS[0xf9][[0xaf]|T[0xfe][0x83][0x1a][0xf8][0xdd][0x89]x[0x97]7[0xea][0x9][0xeb][0xa2][0x9c][0xfa]2[0xb4][0x9b]7[0x16]PHh7[0x94]v[0xa3][0xf9]6[0xc0][0x99]@[0x11][0x1e][0x8a][0x83]r[0xa4]|[0x96][0x89][0x8][0x10][0xf6]$[0xe5][0xec][0x2][0xb2][0xd0][0x1e][0x5][0x8a]4eI[0xa6][0xd3][0x2][0xa4]|[0xc2][0xaa],[0x96][0x11][0xef][0x0][0xf][0x82]z8[0xca][0x88][0xdd][0xb8]\[0x97][0xe]u[0xaa]Z[0xba][0x14]3[0xd0]P7/[0x87]JE[0xaf][0xe3]&[0xaf]7[0xa9][0xf4][0xa8][0xbf][0xf5]zE[0xc9][0xb4]N[0x19]X[0xc7][0x12][0x9]f[0xda]}[0xc3][0xed]"[0xd1][0xa1][0x89][0x84]<[0x19][0x8e][0xe][0x4]Dp3[0xaf]B[0x90][0xfb]Z[0xb1]T[0xaa]`P[0x8c][0xb7]"[0xc2][0xba]*[0x11][0xd7][0xaf]#[0x9c]I[0xe]1J""[0x89][0xcd][0x3][0x88]8[0x8][0xca][0xbc]:[0x96][0xa9]LM1[0xe8]J6n[0xb0]l[0x8][0x91][0xb9]1[0x95]*}"[0xd3]|[0xc7][0xeb]z[0x82]0[0x9c][0x7][0xb6][0x15]:d_[0xd7][0x9e][0xae][0x2][0xfd][0xd0]E[0x9d][0xa9][0xa4][0xc1]P[0x18][0xeb]2Fr1*[0xb2][0xca]Qy[0xaf]#S[0xb5][0xa1][0xed][0xc4][0xc][0xf7][0x9c][0xa3][0xef][0xf6]N[0xbf]a[0x99][0xf8][0x2][0x84]*[0xd3][0x10][0xf3]F[0xb3][0xa5][0xfa]t[0xc][0xa2][0x12][0x8e][0x83]T[0x92]i 1N[0xa6][0xd2][0x0][0xf9]8@[0xf1][0xd3]^[0xf1][0xe4][0xe5]4[0x80][0xde][0xd4][0xe3]=[0xe8]+>[0xe]p[0xb2][0xfb][0xc9][0xe9][0xaf]_O[0x3][0x90][0x94][0xb8]x*H[0xb9]3[0x1][0xb2][0xbf]_|[0xb5][[0x81]0.[0xbc][0x14][0x8a]fjXF[0xdd][M,h^[0x98]V][0x1a],[0x95]o[0xb3]8N[0xda]2[0x89][0xec][0x98][0x95][0xaf]Y9[0xfb]fZ[0xcb]3[0xcd]w[0xe1]?[0xd1][0xff]3[0xcd]`[0xa6][0x15][0x8c][0xda]p[0xa6][0xe5]7[0xce]b][0xa2]i[0x86][0x91][0xb]3[0xf0]Eq[0xf8]m[0xc5][0xcf][0x1c]#[0xa8][0x99][0xfa]0hb[0xb8][\n]"
[20180720 10:29:32-DEBUG][Wire.java:86][main]-- http-outgoing-0 << "[0xea]yJ%[0xb9]:7,[0x9]CO[0xde][0x9][0xbb]z[0xd6][0x9e]g[0xae]Yg[0xf6][0xdc]<"[0xcc][0xe3]>[0xd9]xm[0x5]J[0x9f]3@[0xbe][0x9a]S[0xe6][0xf3][0xbc][0x1e]q[0xf][0xe6]7guUr[0xf3][0xe8][0x82]X[0x10][0x9c]z![0xb2]m[0x1b][0x19][0x6]ZB[0xc6][0x92][0x81][0x16][0x91]1k\[0x9b]G[0xc6][0xc8]W[0xbb][0xa1][0x4]sF[0xe5][0xaf][0x1][0xf5]Y[0xd2]1[0xb4][0xc7]F[0xe4][0x1a]c>[0xcf]]kC;[0x9c]K[0xca][0xf9]i[0x1a][0xf3][0x94][0x98]g[0xf1]sSJ[0xe1][0xee][0xd2]x[0xb0]B[0xe5][0x15]e[0x1b]>[0x15]I[0x84][0xfb][0x8b][0xc8][0x5]W6[0xdb][0x86]s[0xf4]d[0xbf][0xf8][0xed][0xc7][0xc1][0xc1]n[0xf1]x[[0x7][0xb8][0x9a][0xb7]S[0x1b].[0x90]+[0x9c]Ae[0xe8][0xfe]+[0x97]9[0xac][0x13][0xd5][0xda]Qx[0xa1]fB[0x98][0xaf][0xa3][0x12]t[0x8a][0x87][0xf][0xe][0xbe][0xac]:Z[0xc9][0xd2]tLy[0xd9][0xe5]0[0xb8][0xdf]Qw[0xa2]&[0x96][0xc]-y[0x89]3[0xeb][0xf1][0xa4][0xdf]n.4n[0xcc]2W$[0xed]R[0xaf]z[0x1d][0xa6]j[0xf6][0xfd]L[0xf6]Mgp[0xf8][0xea][0xf8][0x9b]?*"[0xc5]g[0x8f][0x8a]W[0xf]O[0x9e][0x95][0xb3][0xa0]B8?T[0xee]Q[0xcc][0xfa]t[0xc4]"
[20180720 10:29:32-DEBUG][LoggingManagedHttpClientConnection.java:124][main]-- http-outgoing-0 << HTTP/1.1 200 OK
[20180720 10:29:32-DEBUG][LoggingManagedHttpClientConnection.java:127][main]-- http-outgoing-0 << Cache-Control: private, no-cache, no-store, proxy-revalidate, no-transform
[20180720 10:29:32-DEBUG][LoggingManagedHttpClientConnection.java:127][main]-- http-outgoing-0 << Connection: Keep-Alive
[20180720 10:29:32-DEBUG][LoggingManagedHttpClientConnection.java:127][main]-- http-outgoing-0 << Content-Encoding: gzip
[20180720 10:29:32-DEBUG][LoggingManagedHttpClientConnection.java:127][main]-- http-outgoing-0 << Content-Type: text/html
[20180720 10:29:32-DEBUG][LoggingManagedHttpClientConnection.java:127][main]-- http-outgoing-0 << Date: Fri, 20 Jul 2018 02:29:39 GMT
[20180720 10:29:32-DEBUG][LoggingManagedHttpClientConnection.java:127][main]-- http-outgoing-0 << Last-Modified: Mon, 23 Jan 2017 13:27:43 GMT
[20180720 10:29:32-DEBUG][LoggingManagedHttpClientConnection.java:127][main]-- http-outgoing-0 << Pragma: no-cache
[20180720 10:29:32-DEBUG][LoggingManagedHttpClientConnection.java:127][main]-- http-outgoing-0 << Server: bfe/1.0.8.18
[20180720 10:29:32-DEBUG][LoggingManagedHttpClientConnection.java:127][main]-- http-outgoing-0 << Set-Cookie: BDORZ=27315; max-age=86400; domain=.baidu.com; path=/
[20180720 10:29:32-DEBUG][LoggingManagedHttpClientConnection.java:127][main]-- http-outgoing-0 << Transfer-Encoding: chunked
[20180720 10:29:32-DEBUG][MainClientExec.java:284][main]-- Connection can be kept alive indefinitely
[20180720 10:29:32-DEBUG][ResponseProcessCookies.java:118][main]-- Cookie accepted [BDORZ="27315", version:0, domain:baidu.com, path:/, expiry:null]
[20180720 10:29:32-DEBUG][Wire.java:72][main]-- http-outgoing-0 << "[0xcd][0xd4][0x81][0xf5][0x92]Z@[0x88][0xef]bo[0xd3]9z[0xb0]s[0xb2][0xbb]][0xec]<:}[0xfa][0xa9][0xe2][![\r][0xe][0xfe]\[[0xb9]s[0xf2]l{[0xa1][0x5]T[[0xc5][0xce]?C[0xb][0xea][0x96][0xbc][0xec]Z[0xec][\n]"
[20180720 10:29:32-DEBUG][Wire.java:72][main]-- http-outgoing-0 << "[0xd5]S[0xe0][0xad][0xa9]\[0x9e][0xcc][0xc4]p[0xa5][0xee]z[0xb5][0xa9][0xbf][0x9d][0xfe][0x7]\[0x85]C[0x1]M[0x9][0x0][0x0][\r][\n]"
[20180720 10:29:32-DEBUG][Wire.java:72][main]-- http-outgoing-0 << "0[\r][\n]"
[20180720 10:29:32-DEBUG][Wire.java:72][main]-- http-outgoing-0 << "[\r][\n]"
[20180720 10:29:32-DEBUG][PoolingHttpClientConnectionManager.java:314][main]-- Connection [id: 0][route: {}->http://www.baidu.com:80] can be kept alive indefinitely
[20180720 10:29:32-DEBUG][PoolingHttpClientConnectionManager.java:320][main]-- Connection released: [id: 0][route: {}->http://www.baidu.com:80][total kept alive: 1; route allocated: 1 of 2; total allocated: 1 of 20]
[20180720 10:29:56-DEBUG][RequestAddCookies.java:122][main]-- CookieSpec selected: default
[20180720 10:29:56-DEBUG][RequestAuthCache.java:76][main]-- Auth cache not set in the context
[20180720 10:29:56-DEBUG][PoolingHttpClientConnectionManager.java:249][main]-- Connection request: [route: {}->http://www.baidu.com:80][total kept alive: 0; route allocated: 0 of 2; total allocated: 0 of 20]
[20180720 10:29:56-DEBUG][PoolingHttpClientConnectionManager.java:282][main]-- Connection leased: [id: 0][route: {}->http://www.baidu.com:80][total kept alive: 0; route allocated: 1 of 2; total allocated: 1 of 20]
[20180720 10:29:56-DEBUG][MainClientExec.java:234][main]-- Opening connection {}->http://www.baidu.com:80
[20180720 10:29:56-DEBUG][DefaultHttpClientConnectionOperator.java:138][main]-- Connecting to www.baidu.com/14.215.177.39:80
[20180720 10:29:56-DEBUG][DefaultHttpClientConnectionOperator.java:145][main]-- Connection established 10.10.10.207:51251<->14.215.177.39:80
[20180720 10:29:56-DEBUG][MainClientExec.java:255][main]-- Executing request GET / HTTP/1.1
[20180720 10:29:56-DEBUG][MainClientExec.java:260][main]-- Target auth state: UNCHALLENGED
[20180720 10:29:56-DEBUG][MainClientExec.java:266][main]-- Proxy auth state: UNCHALLENGED
[20180720 10:29:56-DEBUG][LoggingManagedHttpClientConnection.java:135][main]-- http-outgoing-0 >> GET / HTTP/1.1
[20180720 10:29:56-DEBUG][LoggingManagedHttpClientConnection.java:138][main]-- http-outgoing-0 >> Host: www.baidu.com
[20180720 10:29:56-DEBUG][LoggingManagedHttpClientConnection.java:138][main]-- http-outgoing-0 >> Connection: Keep-Alive
[20180720 10:29:56-DEBUG][LoggingManagedHttpClientConnection.java:138][main]-- http-outgoing-0 >> User-Agent: Apache-HttpClient/4.5.2 (Java/1.8.0_91)
[20180720 10:29:56-DEBUG][LoggingManagedHttpClientConnection.java:138][main]-- http-outgoing-0 >> Accept-Encoding: gzip,deflate
[20180720 10:29:56-DEBUG][Wire.java:72][main]-- http-outgoing-0 >> "GET / HTTP/1.1[\r][\n]"
[20180720 10:29:56-DEBUG][Wire.java:72][main]-- http-outgoing-0 >> "Host: www.baidu.com[\r][\n]"
[20180720 10:29:56-DEBUG][Wire.java:72][main]-- http-outgoing-0 >> "Connection: Keep-Alive[\r][\n]"
[20180720 10:29:56-DEBUG][Wire.java:72][main]-- http-outgoing-0 >> "User-Agent: Apache-HttpClient/4.5.2 (Java/1.8.0_91)[\r][\n]"
[20180720 10:29:56-DEBUG][Wire.java:72][main]-- http-outgoing-0 >> "Accept-Encoding: gzip,deflate[\r][\n]"
[20180720 10:29:56-DEBUG][Wire.java:72][main]-- http-outgoing-0 >> "[\r][\n]"
[20180720 10:29:56-DEBUG][Wire.java:72][main]-- http-outgoing-0 << "HTTP/1.1 200 OK[\r][\n]"
[20180720 10:29:56-DEBUG][Wire.java:72][main]-- http-outgoing-0 << "Cache-Control: private, no-cache, no-store, proxy-revalidate, no-transform[\r][\n]"
[20180720 10:29:56-DEBUG][Wire.java:72][main]-- http-outgoing-0 << "Connection: Keep-Alive[\r][\n]"
[20180720 10:29:56-DEBUG][Wire.java:72][main]-- http-outgoing-0 << "Content-Encoding: gzip[\r][\n]"
[20180720 10:29:56-DEBUG][Wire.java:72][main]-- http-outgoing-0 << "Content-Type: text/html[\r][\n]"
[20180720 10:29:56-DEBUG][Wire.java:72][main]-- http-outgoing-0 << "Date: Fri, 20 Jul 2018 02:30:03 GMT[\r][\n]"
[20180720 10:29:56-DEBUG][Wire.java:72][main]-- http-outgoing-0 << "Last-Modified: Mon, 23 Jan 2017 13:27:43 GMT[\r][\n]"
[20180720 10:29:56-DEBUG][Wire.java:72][main]-- http-outgoing-0 << "Pragma: no-cache[\r][\n]"
[20180720 10:29:56-DEBUG][Wire.java:72][main]-- http-outgoing-0 << "Server: bfe/1.0.8.18[\r][\n]"
[20180720 10:29:56-DEBUG][Wire.java:72][main]-- http-outgoing-0 << "Set-Cookie: BDORZ=27315; max-age=86400; domain=.baidu.com; path=/[\r][\n]"
[20180720 10:29:56-DEBUG][Wire.java:72][main]-- http-outgoing-0 << "Transfer-Encoding: chunked[\r][\n]"
[20180720 10:29:56-DEBUG][Wire.java:72][main]-- http-outgoing-0 << "[\r][\n]"
[20180720 10:29:56-DEBUG][Wire.java:72][main]-- http-outgoing-0 << "476[\r][\n]"
[20180720 10:29:56-DEBUG][Wire.java:72][main]-- http-outgoing-0 << "[0x1f][0x8b][0x8][0x0][0x0][0x0][0x0][0x0][0x0][0x3][0x85]V[o[0xdc]D[0x14]~G[0xe2]?L[0x8d][0x92][0xb4][0x8a]v[0x9d][0xdd]U[0xd5][0x92][0xb5][0x1d][0x85]4H[0x11][0xf][0xad]h"[0xc1][0xd3]jl[0x8f][0xd7][0xd3][0xd8]3[0xc6]3^gyj[0xa4][0x16][0x81][0xa0][0x4]T.[0x82]"[0x81][0x10]4< 5[0x88]HT)i[0xff][0xcc]:[0x97]'[0xfe][0x2]g[0xec][0xd9][0xec]n[0xb2]QW+[0xd9]s[0xe6][0xcc]w[0xbe]s[0x1d][Wn[0xdd]^Y[0xff][0xf0][0xce]*[\n]"
[20180720 10:29:56-DEBUG][Wire.java:72][main]-- http-outgoing-0 << "e[0x1c]9o[0xbe]a][0xa9][0xd5][0xee][0xae]/[0xaf]o[0xdc]E[0xb7][0xdf][0xab][0xd5][0x1c][0xab][0x94]#+$[0xd8]w[0xac][0x98]H[0xc][0x9a]2[0xa9][0x91][0x8f]2[0xda][0xb3]=[0xce]$a[0xb2]&[0xfb][0x9]AzaK[0xb2]%Mu[0xac][0xed][0x85]8[0x15]D[0xda][0x99][0xc]j7/[0x9e][0xfe][0xa0][0xb6][0xb1]\[[0xe1]q[0x82]%u[0xa3][0x11][0xc0][0xda][0xaa][0xbd][0xea]w[0x89]>0[0x84][0xc5]Q[0x8e][0xfb][0x2]1[0x1c][0x13];%[0x1]IS[0x92]:VD[0xd9]&JId[0xb][0xd9][0x8f][0x88][0x8][0x9][0x91]H[0xb1][0xa9]XxB[0xa0][0x10][0x94]m[0xc5]y[0xd1]4E[0xa3][0xee][0xfa]B[0x82]=[0xaf][0xee][0xf1][0xd8]L[0xcd]<[0xcf]M[0xf]{!1][0x9f][0xa7][0x1f][0x9b].[0xa6]~V[0x8f])[0xab][0xc3]Y[0xc7][0x92]TF[0xc4]9[0xfe][0xe1]eq[0xf0]t[0xf0][0xfc][0xfe][0xe0][0xf9][0xe7][0xff][0xfd][0xfb][0xc5][0xe0][0xf0][0x97]b[0xef][0xaf][0xe3][0x9f]?[0xdd]~l[0x99][0x95][0x8a]e[0x96][0x11]B[0x96][0xcb][0xfd]>R[0xac][0xec][0xb7][0x16][0xe0][0xe7]y[0xe][0xb2]|[0xda]C[0xd4][0xb7][0xf3][0x14]'[0x9][0x90]>[0x13][0xe8]#j[0xdb][0x8b][0xb0][0x10][0xb6][0x12]t&[0xd5][0xaa][\r][0xd1][0x9]x[0x1a][0xeb][0x93][0xe3][0xa2]s[0xda]`%[0xea][0x82][0x1a][0x8d][0xbb]([0xa4]>[0x9][0xb8][0x97][0x9][[0xa6][0x19]A"[0xf5]lS[0xf9][[0xaf]|T[0xfe][0x83][0x1a][0xf8][0xdd][0x89]x[0x97]7[0xea][0x9][0xeb][0xa2][0x9c][0xfa]2[0xb4][0x9b]7[0x16]PHh7[0x94]v[0xa3][0xf9]6[0xc0][0x99]@[0x11][0x1e][0x8a][0x83]r[0xa4]|[0x96][0x89][0x8][0x10][0xf6]$[0xe5][0xec][0x2][0xb2][0xd0][0x1e][0x5][0x8a]4eI[0xa6][0xd3][0x2][0xa4]|[0xc2][0xaa],[0x96][0x11][0xef][0x0][0xf][0x82]z8[0xca][0x88][0xdd][0xb8]\[0x97][0xe]u[0xaa]Z[0xba][0x14]3[0xd0]P7/[0x87]JE[0xaf][0xe3]&[0xaf]7[0xa9][0xf4][0xa8][0xbf][0xf5]zE[0xc9][0xb4]N[0x19]X[0xc7][0x12][0x9]f[0xda]}[0xc3][0xed]"[0xd1][0xa1][0x89][0x84]<[0x19][0x8e][0xe][0x4]Dp3[0xaf]B[0x90][0xfb]Z[0xb1]T[0xaa]`P[0x8c][0xb7]"[0xc2][0xba]*[0x11][0xd7][0xaf]#[0x9c]I[0xe]1J""[0x89][0xcd][0x3][0x88]8[0x8][0xca][0xbc]:[0x96][0xa9]LM1[0xe8]J6n[0xb0]l[0x8][0x91][0xb9]1[0x95]*}"[0xd3]|[0xc7][0xeb]z[0x82]0[0x9c][0x7][0xb6][0x15]:d_[0xd7][0x9e][0xae][0x2][0xfd][0xd0]E[0x9d][0xa9][0xa4][0xc1]P[0x18][0xeb]2Fr1*[0xb2][0xca]Qy[0xaf]#S[0xb5][0xa1][0xed][0xc4][0xc][0xf7][0x9c][0xa3][0xef][0xf6]N[0xbf]a[0x99][0xf8][0x2][0x84]*[0xd3][0x10][0xf3]F[0xb3][0xa5][0xfa]t[0xc][0xa2][0x12][0x8e][0x83]T[0x92]i 1N[0xa6][0xd2][0x0][0xf9]8@[0xf1][0xd3]^[0xf1][0xe4][0xe5]4[0x80][0xde][0xd4][0xe3]=[0xe8]+>[0xe]p[0xb2][0xfb][0xc9][0xe9][0xaf]_O[0x3][0x90][0x94][0xb8]x*H[0xb9]3[0x1][0xb2][0xbf]_|[0xb5][[0x81]0.[0xbc][0x14][0x8a]fjXF[0xdd][M,h^[0x98]V][0x1a],[0x95]o[0xb3]8N[0xda]2[0x89][0xec][0x98][0x95][0xaf]Y9[0xfb]fZ[0xcb]3[0xcd]w[0xe1]?[0xd1][0xff]3[0xcd]`[0xa6][0x15][0x8c][0xda]p[0xa6][0xe5]7[0xce]b][0xa2]i[0x86][0x91][0xb]3[0xf0]Eq[0xf8]m[0xc5][0xcf][0x1c]#[0xa8][0x99][0xfa]0hb[0xb8][\n]"
[20180720 10:29:56-DEBUG][Wire.java:86][main]-- http-outgoing-0 << "[0xea]yJ%[0xb9]:7,[0x9]CO[0xde][0x9][0xbb]z[0xd6][0x9e]g[0xae]Yg[0xf6][0xdc]<"[0xcc][0xe3]>[0xd9]xm[0x5]J[0x9f]3@[0xbe][0x9a]S[0xe6][0xf3][0xbc][0x1e]q[0xf][0xe6]7guUr[0xf3][0xe8][0x82]X[0x10][0x9c]z![0xb2]m[0x1b][0x19][0x6]ZB[0xc6][0x92][0x81][0x16][0x91]1k\[0x9b]G[0xc6][0xc8]W[0xbb][0xa1][0x4]sF[0xe5][0xaf][0x1][0xf5]Y[0xd2]1[0xb4][0xc7]F[0xe4][0x1a]c>[0xcf]]kC;[0x9c]K[0xca][0xf9]i[0x1a][0xf3][0x94][0x98]g[0xf1]sSJ[0xe1][0xee][0xd2]x[0xb0]B[0xe5][0x15]e[0x1b]>[0x15]I[0x84][0xfb][0x8b][0xc8][0x5]W6[0xdb][0x86]s[0xf4]d[0xbf][0xf8][0xed][0xc7][0xc1][0xc1]n[0xf1]x[[0x7][0xb8][0x9a][0xb7]S[0x1b].[0x90]+[0x9c]Ae[0xe8][0xfe]+[0x97]9[0xac][0x13][0xd5][0xda]Qx[0xa1]fB[0x98][0xaf][0xa3][0x12]t[0x8a][0x87][0xf][0xe][0xbe][0xac]:Z[0xc9][0xd2]tLy[0xd9][0xe5]0[0xb8][0xdf]Qw[0xa2]&[0x96][0xc]-y[0x89]3[0xeb][0xf1][0xa4][0xdf]n.4n[0xcc]2W$[0xed]R[0xaf]z[0x1d][0xa6]j[0xf6][0xfd]L[0xf6]Mgp[0xf8][0xea][0xf8][0x9b]?*"[0xc5]g[0x8f][0x8a]W[0xf]O[0x9e][0x95][0xb3][0xa0]B8?T[0xee]Q[0xcc][0xfa]t[0xc4]"
[20180720 10:29:56-DEBUG][LoggingManagedHttpClientConnection.java:124][main]-- http-outgoing-0 << HTTP/1.1 200 OK
[20180720 10:29:56-DEBUG][LoggingManagedHttpClientConnection.java:127][main]-- http-outgoing-0 << Cache-Control: private, no-cache, no-store, proxy-revalidate, no-transform
[20180720 10:29:56-DEBUG][LoggingManagedHttpClientConnection.java:127][main]-- http-outgoing-0 << Connection: Keep-Alive
[20180720 10:29:56-DEBUG][LoggingManagedHttpClientConnection.java:127][main]-- http-outgoing-0 << Content-Encoding: gzip
[20180720 10:29:56-DEBUG][LoggingManagedHttpClientConnection.java:127][main]-- http-outgoing-0 << Content-Type: text/html
[20180720 10:29:56-DEBUG][LoggingManagedHttpClientConnection.java:127][main]-- http-outgoing-0 << Date: Fri, 20 Jul 2018 02:30:03 GMT
[20180720 10:29:56-DEBUG][LoggingManagedHttpClientConnection.java:127][main]-- http-outgoing-0 << Last-Modified: Mon, 23 Jan 2017 13:27:43 GMT
[20180720 10:29:56-DEBUG][LoggingManagedHttpClientConnection.java:127][main]-- http-outgoing-0 << Pragma: no-cache
[20180720 10:29:56-DEBUG][LoggingManagedHttpClientConnection.java:127][main]-- http-outgoing-0 << Server: bfe/1.0.8.18
[20180720 10:29:56-DEBUG][LoggingManagedHttpClientConnection.java:127][main]-- http-outgoing-0 << Set-Cookie: BDORZ=27315; max-age=86400; domain=.baidu.com; path=/
[20180720 10:29:56-DEBUG][LoggingManagedHttpClientConnection.java:127][main]-- http-outgoing-0 << Transfer-Encoding: chunked
[20180720 10:29:56-DEBUG][MainClientExec.java:284][main]-- Connection can be kept alive indefinitely
[20180720 10:29:56-DEBUG][ResponseProcessCookies.java:118][main]-- Cookie accepted [BDORZ="27315", version:0, domain:baidu.com, path:/, expiry:null]
[20180720 10:29:56-DEBUG][Wire.java:72][main]-- http-outgoing-0 << "[0xcd][0xd4][0x81][0xf5][0x92]Z@[0x88][0xef]bo[0xd3]9z[0xb0]s[0xb2][0xbb]][0xec]<:}[0xfa][0xa9][0xe2][![\r][0xe][0xfe]\[[0xb9]s[0xf2]l{[0xa1][0x5]T[[0xc5][0xce]?C[0xb][0xea][0x96][0xbc][0xec]Z[0xec][\n]"
[20180720 10:29:56-DEBUG][Wire.java:72][main]-- http-outgoing-0 << "[0xd5]S[0xe0][0xad][0xa9]\[0x9e][0xcc][0xc4]p[0xa5][0xee]z[0xb5][0xa9][0xbf][0x9d][0xfe][0x7]\[0x85]C[0x1]M[0x9][0x0][0x0][\r][\n]"
[20180720 10:29:56-DEBUG][Wire.java:72][main]-- http-outgoing-0 << "0[\r][\n]"
[20180720 10:29:56-DEBUG][Wire.java:72][main]-- http-outgoing-0 << "[\r][\n]"
[20180720 10:29:56-DEBUG][PoolingHttpClientConnectionManager.java:314][main]-- Connection [id: 0][route: {}->http://www.baidu.com:80] can be kept alive indefinitely
[20180720 10:29:56-DEBUG][PoolingHttpClientConnectionManager.java:320][main]-- Connection released: [id: 0][route: {}->http://www.baidu.com:80][total kept alive: 1; route allocated: 1 of 2; total allocated: 1 of 20]
[20180720 14:09:36-DEBUG][RequestAddCookies.java:122][main]-- CookieSpec selected: default
[20180720 14:09:36-DEBUG][RequestAuthCache.java:76][main]-- Auth cache not set in the context
[20180720 14:09:36-DEBUG][PoolingHttpClientConnectionManager.java:249][main]-- Connection request: [route: {}->http://www.baidu.com:80][total kept alive: 0; route allocated: 0 of 2; total allocated: 0 of 20]
[20180720 14:09:36-DEBUG][PoolingHttpClientConnectionManager.java:282][main]-- Connection leased: [id: 0][route: {}->http://www.baidu.com:80][total kept alive: 0; route allocated: 1 of 2; total allocated: 1 of 20]
[20180720 14:09:36-DEBUG][MainClientExec.java:234][main]-- Opening connection {}->http://www.baidu.com:80
[20180720 14:09:36-DEBUG][DefaultHttpClientConnectionOperator.java:138][main]-- Connecting to www.baidu.com/14.215.177.38:80
[20180720 14:09:36-DEBUG][DefaultHttpClientConnectionOperator.java:145][main]-- Connection established 10.10.10.207:53512<->14.215.177.38:80
[20180720 14:09:36-DEBUG][MainClientExec.java:255][main]-- Executing request GET / HTTP/1.1
[20180720 14:09:36-DEBUG][MainClientExec.java:260][main]-- Target auth state: UNCHALLENGED
[20180720 14:09:36-DEBUG][MainClientExec.java:266][main]-- Proxy auth state: UNCHALLENGED
[20180720 14:09:36-DEBUG][LoggingManagedHttpClientConnection.java:135][main]-- http-outgoing-0 >> GET / HTTP/1.1
[20180720 14:09:36-DEBUG][LoggingManagedHttpClientConnection.java:138][main]-- http-outgoing-0 >> Host: www.baidu.com
[20180720 14:09:36-DEBUG][LoggingManagedHttpClientConnection.java:138][main]-- http-outgoing-0 >> Connection: Keep-Alive
[20180720 14:09:36-DEBUG][LoggingManagedHttpClientConnection.java:138][main]-- http-outgoing-0 >> User-Agent: Apache-HttpClient/4.5.2 (Java/1.8.0_91)
[20180720 14:09:36-DEBUG][LoggingManagedHttpClientConnection.java:138][main]-- http-outgoing-0 >> Accept-Encoding: gzip,deflate
[20180720 14:09:36-DEBUG][Wire.java:72][main]-- http-outgoing-0 >> "GET / HTTP/1.1[\r][\n]"
[20180720 14:09:36-DEBUG][Wire.java:72][main]-- http-outgoing-0 >> "Host: www.baidu.com[\r][\n]"
[20180720 14:09:36-DEBUG][Wire.java:72][main]-- http-outgoing-0 >> "Connection: Keep-Alive[\r][\n]"
[20180720 14:09:36-DEBUG][Wire.java:72][main]-- http-outgoing-0 >> "User-Agent: Apache-HttpClient/4.5.2 (Java/1.8.0_91)[\r][\n]"
[20180720 14:09:36-DEBUG][Wire.java:72][main]-- http-outgoing-0 >> "Accept-Encoding: gzip,deflate[\r][\n]"
[20180720 14:09:36-DEBUG][Wire.java:72][main]-- http-outgoing-0 >> "[\r][\n]"
[20180720 14:09:36-DEBUG][Wire.java:72][main]-- http-outgoing-0 << "HTTP/1.1 200 OK[\r][\n]"
[20180720 14:09:36-DEBUG][Wire.java:72][main]-- http-outgoing-0 << "Cache-Control: private, no-cache, no-store, proxy-revalidate, no-transform[\r][\n]"
[20180720 14:09:36-DEBUG][Wire.java:72][main]-- http-outgoing-0 << "Connection: Keep-Alive[\r][\n]"
[20180720 14:09:36-DEBUG][Wire.java:72][main]-- http-outgoing-0 << "Content-Encoding: gzip[\r][\n]"
[20180720 14:09:36-DEBUG][Wire.java:72][main]-- http-outgoing-0 << "Content-Type: text/html[\r][\n]"
[20180720 14:09:36-DEBUG][Wire.java:72][main]-- http-outgoing-0 << "Date: Fri, 20 Jul 2018 06:09:44 GMT[\r][\n]"
[20180720 14:09:36-DEBUG][Wire.java:72][main]-- http-outgoing-0 << "Last-Modified: Mon, 23 Jan 2017 13:27:57 GMT[\r][\n]"
[20180720 14:09:36-DEBUG][Wire.java:72][main]-- http-outgoing-0 << "Pragma: no-cache[\r][\n]"
[20180720 14:09:36-DEBUG][Wire.java:72][main]-- http-outgoing-0 << "Server: bfe/1.0.8.18[\r][\n]"
[20180720 14:09:36-DEBUG][Wire.java:72][main]-- http-outgoing-0 << "Set-Cookie: BDORZ=27315; max-age=86400; domain=.baidu.com; path=/[\r][\n]"
[20180720 14:09:36-DEBUG][Wire.java:72][main]-- http-outgoing-0 << "Transfer-Encoding: chunked[\r][\n]"
[20180720 14:09:36-DEBUG][Wire.java:72][main]-- http-outgoing-0 << "[\r][\n]"
[20180720 14:09:36-DEBUG][Wire.java:72][main]-- http-outgoing-0 << "476[\r][\n]"
[20180720 14:09:36-DEBUG][Wire.java:72][main]-- http-outgoing-0 << "[0x1f][0x8b][0x8][0x0][0x0][0x0][0x0][0x0][0x0][0x3][0x85]V[o[0xdc]D[0x14]~G[0xe2]?L[0x8d][0x92][0xb4][0x8a]v[0x9d][0xdd]U[0xd5][0x92][0xb5][0x1d][0x85]4H[0x11][0xf][0xad]h"[0xc1][0xd3]jl[0x8f][0xd7][0xd3][0xd8]3[0xc6]3^gyj[0xa4][0x16][0x81][0xa0][0x4]T.[0x82]"[0x81][0x10]4< 5[0x88]HT)i[0xff][0xcc]:[0x97]'[0xfe][0x2]g[0xec][0xd9][0xec]n[0xb2]QW+[0xd9]s[0xe6][0xcc]w[0xbe]s[0x1d][Wn[0xdd]^Y[0xff][0xf0][0xce]*[\n]"
[20180720 14:09:36-DEBUG][Wire.java:72][main]-- http-outgoing-0 << "e[0x1c]9o[0xbe]a][0xa9][0xd5][0xee][0xae]/[0xaf]o[0xdc]E[0xb7][0xdf][0xab][0xd5][0x1c][0xab][0x94]#+$[0xd8]w[0xac][0x98]H[0xc][0x9a]2[0xa9][0x91][0x8f]2[0xda][0xb3]=[0xce]$a[0xb2]&[0xfb][0x9]AzaK[0xb2]%Mu[0xac][0xed][0x85]8[0x15]D[0xda][0x99][0xc]j7/[0x9e][0xfe][0xa0][0xb6][0xb1]\[[0xe1]q[0x82]%u[0xa3][0x11][0xc0][0xda][0xaa][0xbd][0xea]w[0x89]>0[0x84][0xc5]Q[0x8e][0xfb][0x2]1[0x1c][0x13];%[0x1]IS[0x92]:VD[0xd9]&JId[0xb][0xd9][0x8f][0x88][0x8][0x9][0x91]H[0xb1][0xa9]XxB[0xa0][0x10][0x94]m[0xc5]y[0xd1]4E[0xa3][0xee][0xfa]B[0x82]=[0xaf][0xee][0xf1][0xd8]L[0xcd]<[0xcf]M[0xf]{!1][0x9f][0xa7][0x1f][0x9b].[0xa6]~V[0x8f])[0xab][0xc3]Y[0xc7][0x92]TF[0xc4]9[0xfe][0xe1]eq[0xf0]t[0xf0][0xfc][0xfe][0xe0][0xf9][0xe7][0xff][0xfd][0xfb][0xc5][0xe0][0xf0][0x97]b[0xef][0xaf][0xe3][0x9f]?[0xdd]~l[0x99][0x95][0x8a]e[0x96][0x11]B[0x96][0xcb][0xfd]>R[0xac][0xec][0xb7][0x16][0xe0][0xe7]y[0xe][0xb2]|[0xda]C[0xd4][0xb7][0xf3][0x14]'[0x9][0x90]>[0x13][0xe8]#j[0xdb][0x8b][0xb0][0x10][0xb6][0x12]t&[0xd5][0xaa][\r][0xd1][0x9]x[0x1a][0xeb][0x93][0xe3][0xa2]s[0xda]`%[0xea][0x82][0x1a][0x8d][0xbb]([0xa4]>[0x9][0xb8][0x97][0x9][[0xa6][0x19]A"[0xf5]lS[0xf9][[0xaf]|T[0xfe][0x83][0x1a][0xf8][0xdd][0x89]x[0x97]7[0xea][0x9][0xeb][0xa2][0x9c][0xfa]2[0xb4][0x9b]7[0x16]PHh7[0x94]v[0xa3][0xf9]6[0xc0][0x99]@[0x11][0x1e][0x8a][0x83]r[0xa4]|[0x96][0x89][0x8][0x10][0xf6]$[0xe5][0xec][0x2][0xb2][0xd0][0x1e][0x5][0x8a]4eI[0xa6][0xd3][0x2][0xa4]|[0xc2][0xaa],[0x96][0x11][0xef][0x0][0xf][0x82]z8[0xca][0x88][0xdd][0xb8]\[0x97][0xe]u[0xaa]Z[0xba][0x14]3[0xd0]P7/[0x87]JE[0xaf][0xe3]&[0xaf]7[0xa9][0xf4][0xa8][0xbf][0xf5]zE[0xc9][0xb4]N[0x19]X[0xc7][0x12][0x9]f[0xda]}[0xc3][0xed]"[0xd1][0xa1][0x89][0x84]<[0x19][0x8e][0xe][0x4]Dp3[0xaf]B[0x90][0xfb]Z[0xb1]T[0xaa]`P[0x8c][0xb7]"[0xc2][0xba]*[0x11][0xd7][0xaf]#[0x9c]I[0xe]1J""[0x89][0xcd][0x3][0x88]8[0x8][0xca][0xbc]:[0x96][0xa9]LM1[0xe8]J6n[0xb0]l[0x8][0x91][0xb9]1[0x95]*}"[0xd3]|[0xc7][0xeb]z[0x82]0[0x9c][0x7][0xb6][0x15]:d_[0xd7][0x9e][0xae][0x2][0xfd][0xd0]E[0x9d][0xa9][0xa4][0xc1]P[0x18][0xeb]2Fr1*[0xb2][0xca]Qy[0xaf]#S[0xb5][0xa1][0xed][0xc4][0xc][0xf7][0x9c][0xa3][0xef][0xf6]N[0xbf]a[0x99][0xf8][0x2][0x84]*[0xd3][0x10][0xf3]F[0xb3][0xa5][0xfa]t[0xc][0xa2][0x12][0x8e][0x83]T[0x92]i 1N[0xa6][0xd2][0x0][0xf9]8@[0xf1][0xd3]^[0xf1][0xe4][0xe5]4[0x80][0xde][0xd4][0xe3]=[0xe8]+>[0xe]p[0xb2][0xfb][0xc9][0xe9][0xaf]_O[0x3][0x90][0x94][0xb8]x*H[0xb9]3[0x1][0xb2][0xbf]_|[0xb5][[0x81]0.[0xbc][0x14][0x8a]fjXF[0xdd][M,h^[0x98]V][0x1a],[0x95]o[0xb3]8N[0xda]2[0x89][0xec][0x98][0x95][0xaf]Y9[0xfb]fZ[0xcb]3[0xcd]w[0xe1]?[0xd1][0xff]3[0xcd]`[0xa6][0x15][0x8c][0xda]p[0xa6][0xe5]7[0xce]b][0xa2]i[0x86][0x91][0xb]3[0xf0]Eq[0xf8]m[0xc5][0xcf][0x1c]#[0xa8][0x99][0xfa]0hb[0xb8][\n]"
[20180720 14:09:36-DEBUG][Wire.java:86][main]-- http-outgoing-0 << "[0xea]yJ%[0xb9]:7,[0x9]CO[0xde][0x9][0xbb]z[0xd6][0x9e]g[0xae]Yg[0xf6][0xdc]<"[0xcc][0xe3]>[0xd9]xm[0x5]J[0x9f]3@[0xbe][0x9a]S[0xe6][0xf3][0xbc][0x1e]q[0xf][0xe6]7guUr[0xf3][0xe8][0x82]X[0x10][0x9c]z![0xb2]m[0x1b][0x19][0x6]ZB[0xc6][0x92][0x81][0x16][0x91]1k\[0x9b]G[0xc6][0xc8]W[0xbb][0xa1][0x4]sF[0xe5][0xaf][0x1][0xf5]Y[0xd2]1[0xb4][0xc7]F[0xe4][0x1a]c>[0xcf]]kC;[0x9c]K[0xca][0xf9]i[0x1a][0xf3][0x94][0x98]g[0xf1]sSJ[0xe1][0xee][0xd2]x[0xb0]B[0xe5][0x15]e[0x1b]>[0x15]I[0x84][0xfb][0x8b][0xc8][0x5]W6[0xdb][0x86]s[0xf4]d[0xbf][0xf8][0xed][0xc7][0xc1][0xc1]n[0xf1]x[[0x7][0xb8][0x9a][0xb7]S[0x1b].[0x90]+[0x9c]Ae[0xe8][0xfe]+[0x97]9[0xac][0x13][0xd5][0xda]Qx[0xa1]fB[0x98][0xaf][0xa3][0x12]t[0x8a][0x87][0xf][0xe][0xbe][0xac]:Z[0xc9][0xd2]tLy[0xd9][0xe5]0[0xb8][0xdf]Qw[0xa2]&[0x96][0xc]-y[0x89]3[0xeb][0xf1][0xa4][0xdf]n.4n[0xcc]2W$[0xed]R[0xaf]z[0x1d][0xa6]j[0xf6][0xfd]L[0xf6]Mgp[0xf8][0xea][0xf8][0x9b]?*"[0xc5]g[0x8f][0x8a]W[0xf]O[0x9e][0x95][0xb3][0xa0]B8?T[0xee]Q[0xcc][0xfa]t[0xc4]"
[20180720 14:09:36-DEBUG][LoggingManagedHttpClientConnection.java:124][main]-- http-outgoing-0 << HTTP/1.1 200 OK
[20180720 14:09:36-DEBUG][LoggingManagedHttpClientConnection.java:127][main]-- http-outgoing-0 << Cache-Control: private, no-cache, no-store, proxy-revalidate, no-transform
[20180720 14:09:36-DEBUG][LoggingManagedHttpClientConnection.java:127][main]-- http-outgoing-0 << Connection: Keep-Alive
[20180720 14:09:36-DEBUG][LoggingManagedHttpClientConnection.java:127][main]-- http-outgoing-0 << Content-Encoding: gzip
[20180720 14:09:36-DEBUG][LoggingManagedHttpClientConnection.java:127][main]-- http-outgoing-0 << Content-Type: text/html
[20180720 14:09:36-DEBUG][LoggingManagedHttpClientConnection.java:127][main]-- http-outgoing-0 << Date: Fri, 20 Jul 2018 06:09:44 GMT
[20180720 14:09:36-DEBUG][LoggingManagedHttpClientConnection.java:127][main]-- http-outgoing-0 << Last-Modified: Mon, 23 Jan 2017 13:27:57 GMT
[20180720 14:09:36-DEBUG][LoggingManagedHttpClientConnection.java:127][main]-- http-outgoing-0 << Pragma: no-cache
[20180720 14:09:36-DEBUG][LoggingManagedHttpClientConnection.java:127][main]-- http-outgoing-0 << Server: bfe/1.0.8.18
[20180720 14:09:36-DEBUG][LoggingManagedHttpClientConnection.java:127][main]-- http-outgoing-0 << Set-Cookie: BDORZ=27315; max-age=86400; domain=.baidu.com; path=/
[20180720 14:09:36-DEBUG][LoggingManagedHttpClientConnection.java:127][main]-- http-outgoing-0 << Transfer-Encoding: chunked
[20180720 14:09:36-DEBUG][MainClientExec.java:284][main]-- Connection can be kept alive indefinitely
[20180720 14:09:36-DEBUG][ResponseProcessCookies.java:118][main]-- Cookie accepted [BDORZ="27315", version:0, domain:baidu.com, path:/, expiry:null]
[20180720 14:09:36-DEBUG][Wire.java:72][main]-- http-outgoing-0 << "[0xcd][0xd4][0x81][0xf5][0x92]Z@[0x88][0xef]bo[0xd3]9z[0xb0]s[0xb2][0xbb]][0xec]<:}[0xfa][0xa9][0xe2][![\r][0xe][0xfe]\[[0xb9]s[0xf2]l{[0xa1][0x5]T[[0xc5][0xce]?C[0xb][0xea][0x96][0xbc][0xec]Z[0xec][\n]"
[20180720 14:09:36-DEBUG][Wire.java:72][main]-- http-outgoing-0 << "[0xd5]S[0xe0][0xad][0xa9]\[0x9e][0xcc][0xc4]p[0xa5][0xee]z[0xb5][0xa9][0xbf][0x9d][0xfe][0x7]\[0x85]C[0x1]M[0x9][0x0][0x0][\r][\n]"
[20180720 14:09:36-DEBUG][Wire.java:72][main]-- http-outgoing-0 << "0[\r][\n]"
[20180720 14:09:36-DEBUG][Wire.java:72][main]-- http-outgoing-0 << "[\r][\n]"
[20180720 14:09:36-DEBUG][ConnectionHolder.java:144][main]-- Cancelling request execution
[20180720 14:09:36-DEBUG][LoggingManagedHttpClientConnection.java:98][main]-- http-outgoing-0: Shutdown connection
[20180720 14:09:36-DEBUG][ConnectionHolder.java:128][main]-- Connection discarded
[20180720 14:09:36-DEBUG][PoolingHttpClientConnectionManager.java:320][main]-- Connection released: [id: 0][route: {}->http://www.baidu.com:80][total kept alive: 0; route allocated: 0 of 2; total allocated: 0 of 20]
[20180720 14:10:13-DEBUG][RequestAddCookies.java:122][main]-- CookieSpec selected: default
[20180720 14:10:13-DEBUG][RequestAuthCache.java:76][main]-- Auth cache not set in the context
[20180720 14:10:13-DEBUG][PoolingHttpClientConnectionManager.java:249][main]-- Connection request: [route: {}->http://www.baidu.com:80][total kept alive: 0; route allocated: 0 of 2; total allocated: 0 of 20]
[20180720 14:10:13-DEBUG][PoolingHttpClientConnectionManager.java:282][main]-- Connection leased: [id: 0][route: {}->http://www.baidu.com:80][total kept alive: 0; route allocated: 1 of 2; total allocated: 1 of 20]
[20180720 14:10:13-DEBUG][MainClientExec.java:234][main]-- Opening connection {}->http://www.baidu.com:80
[20180720 14:10:13-DEBUG][DefaultHttpClientConnectionOperator.java:138][main]-- Connecting to www.baidu.com/14.215.177.38:80
[20180720 14:10:13-DEBUG][DefaultHttpClientConnectionOperator.java:145][main]-- Connection established 10.10.10.207:53524<->14.215.177.38:80
[20180720 14:10:13-DEBUG][MainClientExec.java:255][main]-- Executing request GET / HTTP/1.1
[20180720 14:10:13-DEBUG][MainClientExec.java:260][main]-- Target auth state: UNCHALLENGED
[20180720 14:10:13-DEBUG][MainClientExec.java:266][main]-- Proxy auth state: UNCHALLENGED
[20180720 14:10:13-DEBUG][LoggingManagedHttpClientConnection.java:135][main]-- http-outgoing-0 >> GET / HTTP/1.1
[20180720 14:10:13-DEBUG][LoggingManagedHttpClientConnection.java:138][main]-- http-outgoing-0 >> Host: www.baidu.com
[20180720 14:10:13-DEBUG][LoggingManagedHttpClientConnection.java:138][main]-- http-outgoing-0 >> Connection: Keep-Alive
[20180720 14:10:13-DEBUG][LoggingManagedHttpClientConnection.java:138][main]-- http-outgoing-0 >> User-Agent: Apache-HttpClient/4.5.2 (Java/1.8.0_91)
[20180720 14:10:13-DEBUG][LoggingManagedHttpClientConnection.java:138][main]-- http-outgoing-0 >> Accept-Encoding: gzip,deflate
[20180720 14:10:13-DEBUG][Wire.java:72][main]-- http-outgoing-0 >> "GET / HTTP/1.1[\r][\n]"
[20180720 14:10:13-DEBUG][Wire.java:72][main]-- http-outgoing-0 >> "Host: www.baidu.com[\r][\n]"
[20180720 14:10:13-DEBUG][Wire.java:72][main]-- http-outgoing-0 >> "Connection: Keep-Alive[\r][\n]"
[20180720 14:10:13-DEBUG][Wire.java:72][main]-- http-outgoing-0 >> "User-Agent: Apache-HttpClient/4.5.2 (Java/1.8.0_91)[\r][\n]"
[20180720 14:10:13-DEBUG][Wire.java:72][main]-- http-outgoing-0 >> "Accept-Encoding: gzip,deflate[\r][\n]"
[20180720 14:10:13-DEBUG][Wire.java:72][main]-- http-outgoing-0 >> "[\r][\n]"
[20180720 14:10:13-DEBUG][Wire.java:72][main]-- http-outgoing-0 << "HTTP/1.1 200 OK[\r][\n]"
[20180720 14:10:13-DEBUG][Wire.java:72][main]-- http-outgoing-0 << "Cache-Control: private, no-cache, no-store, proxy-revalidate, no-transform[\r][\n]"
[20180720 14:10:13-DEBUG][Wire.java:72][main]-- http-outgoing-0 << "Connection: Keep-Alive[\r][\n]"
[20180720 14:10:13-DEBUG][Wire.java:72][main]-- http-outgoing-0 << "Content-Encoding: gzip[\r][\n]"
[20180720 14:10:13-DEBUG][Wire.java:72][main]-- http-outgoing-0 << "Content-Type: text/html[\r][\n]"
[20180720 14:10:13-DEBUG][Wire.java:72][main]-- http-outgoing-0 << "Date: Fri, 20 Jul 2018 06:10:21 GMT[\r][\n]"
[20180720 14:10:13-DEBUG][Wire.java:72][main]-- http-outgoing-0 << "Last-Modified: Mon, 23 Jan 2017 13:27:52 GMT[\r][\n]"
[20180720 14:10:13-DEBUG][Wire.java:72][main]-- http-outgoing-0 << "Pragma: no-cache[\r][\n]"
[20180720 14:10:13-DEBUG][Wire.java:72][main]-- http-outgoing-0 << "Server: bfe/1.0.8.18[\r][\n]"
[20180720 14:10:13-DEBUG][Wire.java:72][main]-- http-outgoing-0 << "Set-Cookie: BDORZ=27315; max-age=86400; domain=.baidu.com; path=/[\r][\n]"
[20180720 14:10:13-DEBUG][Wire.java:72][main]-- http-outgoing-0 << "Transfer-Encoding: chunked[\r][\n]"
[20180720 14:10:13-DEBUG][Wire.java:72][main]-- http-outgoing-0 << "[\r][\n]"
[20180720 14:10:13-DEBUG][Wire.java:72][main]-- http-outgoing-0 << "476[\r][\n]"
[20180720 14:10:13-DEBUG][Wire.java:72][main]-- http-outgoing-0 << "[0x1f][0x8b][0x8][0x0][0x0][0x0][0x0][0x0][0x0][0x3][0x85]V[o[0xdc]D[0x14]~G[0xe2]?L[0x8d][0x92][0xb4][0x8a]v[0x9d][0xdd]U[0xd5][0x92][0xb5][0x1d][0x85]4H[0x11][0xf][0xad]h"[0xc1][0xd3]jl[0x8f][0xd7][0xd3][0xd8]3[0xc6]3^gyj[0xa4][0x16][0x81][0xa0][0x4]T.[0x82]"[0x81][0x10]4< 5[0x88]HT)i[0xff][0xcc]:[0x97]'[0xfe][0x2]g[0xec][0xd9][0xec]n[0xb2]QW+[0xd9]s[0xe6][0xcc]w[0xbe]s[0x1d][Wn[0xdd]^Y[0xff][0xf0][0xce]*[\n]"
[20180720 14:10:13-DEBUG][Wire.java:72][main]-- http-outgoing-0 << "e[0x1c]9o[0xbe]a][0xa9][0xd5][0xee][0xae]/[0xaf]o[0xdc]E[0xb7][0xdf][0xab][0xd5][0x1c][0xab][0x94]#+$[0xd8]w[0xac][0x98]H[0xc][0x9a]2[0xa9][0x91][0x8f]2[0xda][0xb3]=[0xce]$a[0xb2]&[0xfb][0x9]AzaK[0xb2]%Mu[0xac][0xed][0x85]8[0x15]D[0xda][0x99][0xc]j7/[0x9e][0xfe][0xa0][0xb6][0xb1]\[[0xe1]q[0x82]%u[0xa3][0x11][0xc0][0xda][0xaa][0xbd][0xea]w[0x89]>0[0x84][0xc5]Q[0x8e][0xfb][0x2]1[0x1c][0x13];%[0x1]IS[0x92]:VD[0xd9]&JId[0xb][0xd9][0x8f][0x88][0x8][0x9][0x91]H[0xb1][0xa9]XxB[0xa0][0x10][0x94]m[0xc5]y[0xd1]4E[0xa3][0xee][0xfa]B[0x82]=[0xaf][0xee][0xf1][0xd8]L[0xcd]<[0xcf]M[0xf]{!1][0x9f][0xa7][0x1f][0x9b].[0xa6]~V[0x8f])[0xab][0xc3]Y[0xc7][0x92]TF[0xc4]9[0xfe][0xe1]eq[0xf0]t[0xf0][0xfc][0xfe][0xe0][0xf9][0xe7][0xff][0xfd][0xfb][0xc5][0xe0][0xf0][0x97]b[0xef][0xaf][0xe3][0x9f]?[0xdd]~l[0x99][0x95][0x8a]e[0x96][0x11]B[0x96][0xcb][0xfd]>R[0xac][0xec][0xb7][0x16][0xe0][0xe7]y[0xe][0xb2]|[0xda]C[0xd4][0xb7][0xf3][0x14]'[0x9][0x90]>[0x13][0xe8]#j[0xdb][0x8b][0xb0][0x10][0xb6][0x12]t&[0xd5][0xaa][\r][0xd1][0x9]x[0x1a][0xeb][0x93][0xe3][0xa2]s[0xda]`%[0xea][0x82][0x1a][0x8d][0xbb]([0xa4]>[0x9][0xb8][0x97][0x9][[0xa6][0x19]A"[0xf5]lS[0xf9][[0xaf]|T[0xfe][0x83][0x1a][0xf8][0xdd][0x89]x[0x97]7[0xea][0x9][0xeb][0xa2][0x9c][0xfa]2[0xb4][0x9b]7[0x16]PHh7[0x94]v[0xa3][0xf9]6[0xc0][0x99]@[0x11][0x1e][0x8a][0x83]r[0xa4]|[0x96][0x89][0x8][0x10][0xf6]$[0xe5][0xec][0x2][0xb2][0xd0][0x1e][0x5][0x8a]4eI[0xa6][0xd3][0x2][0xa4]|[0xc2][0xaa],[0x96][0x11][0xef][0x0][0xf][0x82]z8[0xca][0x88][0xdd][0xb8]\[0x97][0xe]u[0xaa]Z[0xba][0x14]3[0xd0]P7/[0x87]JE[0xaf][0xe3]&[0xaf]7[0xa9][0xf4][0xa8][0xbf][0xf5]zE[0xc9][0xb4]N[0x19]X[0xc7][0x12][0x9]f[0xda]}[0xc3][0xed]"[0xd1][0xa1][0x89][0x84]<[0x19][0x8e][0xe][0x4]Dp3[0xaf]B[0x90][0xfb]Z[0xb1]T[0xaa]`P[0x8c][0xb7]"[0xc2][0xba]*[0x11][0xd7][0xaf]#[0x9c]I[0xe]1J""[0x89][0xcd][0x3][0x88]8[0x8][0xca][0xbc]:[0x96][0xa9]LM1[0xe8]J6n[0xb0]l[0x8][0x91][0xb9]1[0x95]*}"[0xd3]|[0xc7][0xeb]z[0x82]0[0x9c][0x7][0xb6][0x15]:d_[0xd7][0x9e][0xae][0x2][0xfd][0xd0]E[0x9d][0xa9][0xa4][0xc1]P[0x18][0xeb]2Fr1*[0xb2][0xca]Qy[0xaf]#S[0xb5][0xa1][0xed][0xc4][0xc][0xf7][0x9c][0xa3][0xef][0xf6]N[0xbf]a[0x99][0xf8][0x2][0x84]*[0xd3][0x10][0xf3]F[0xb3][0xa5][0xfa]t[0xc][0xa2][0x12][0x8e][0x83]T[0x92]i 1N[0xa6][0xd2][0x0][0xf9]8@[0xf1][0xd3]^[0xf1][0xe4][0xe5]4[0x80][0xde][0xd4][0xe3]=[0xe8]+>[0xe]p[0xb2][0xfb][0xc9][0xe9][0xaf]_O[0x3][0x90][0x94][0xb8]x*H[0xb9]3[0x1][0xb2][0xbf]_|[0xb5][[0x81]0.[0xbc][0x14][0x8a]fjXF[0xdd][M,h^[0x98]V][0x1a],[0x95]o[0xb3]8N[0xda]2[0x89][0xec][0x98][0x95][0xaf]Y9[0xfb]fZ[0xcb]3[0xcd]w[0xe1]?[0xd1][0xff]3[0xcd]`[0xa6][0x15][0x8c][0xda]p[0xa6][0xe5]7[0xce]b][0xa2]i[0x86][0x91][0xb]3[0xf0]Eq[0xf8]m[0xc5][0xcf][0x1c]#[0xa8][0x99][0xfa]0hb[0xb8][\n]"
[20180720 14:10:13-DEBUG][Wire.java:72][main]-- http-outgoing-0 << "[0xea]yJ%[0xb9]:7,[0x9]CO[0xde][0x9][0xbb]z[0xd6][0x9e]g[0xae]Yg[0xf6][0xdc]<"[0xcc][0xe3]>[0xd9]xm[0x5]J[0x9f]3@[0xbe][0x9a]S[0xe6][0xf3][0xbc][0x1e]q[0xf][0xe6]7guUr[0xf3][0xe8][0x82]X[0x10][0x9c]z![0xb2]m[0x1b][0x19][0x6]ZB[0xc6][0x92][0x81][0x16][0x91]1k\[0x9b]G[0xc6][0xc8]W[0xbb][0xa1][0x4]sF[0xe5][0xaf][0x1][0xf5]Y[0xd2]1[0xb4][0xc7]F[0xe4][0x1a]c>[0xcf]]kC;[0x9c]K[0xca][0xf9]i[0x1a][0xf3][0x94][0x98]g[0xf1]sSJ[0xe1][0xee][0xd2]x[0xb0]B[0xe5][0x15]e[0x1b]>[0x15]I[0x84][0xfb][0x8b][0xc8][0x5]W6[0xdb][0x86]s[0xf4]d[0xbf][0xf8][0xed][0xc7][0xc1][0xc1]n[0xf1]x[[0x7][0xb8][0x9a][0xb7]S[0x1b].[0x90]+[0x9c]Ae[0xe8][0xfe]+[0x97]9[0xac][0x13][0xd5][0xda]Qx[0xa1]fB[0x98][0xaf][0xa3][0x12]t[0x8a][0x87][0xf][0xe][0xbe][0xac]:Z[0xc9][0xd2]tLy[0xd9][0xe5]0[0xb8][0xdf]Qw[0xa2]&[0x96][0xc]-y[0x89]3[0xeb][0xf1][0xa4][0xdf]n.4n[0xcc]2W$[0xed]R[0xaf]z[0x1d][0xa6]j[0xf6][0xfd]L[0xf6]Mgp[0xf8][0xea][0xf8][0x9b]?*"[0xc5]g[0x8f][0x8a]W[0xf]O[0x9e][0x95][0xb3][0xa0]B8?T[0xee]Q[0xcc][0xfa]t[0xc4][0xcd][0xd4][0x81][0xf5][0x92]Z@[0x88][0xef]bo[0xd3]9z[0xb0]s[0xb2][0xbb]][0xec]<:}[0xfa][0xa9][0xe2][![\r][0xe][0xfe]\[[0xb9]s[0xf2]l{[0xa1][0x5]T[[0xc5][0xce]?C[0xb][0xea][0x96][0xbc][0xec]Z[0xec][\n]"
[20180720 14:10:13-DEBUG][Wire.java:72][main]-- http-outgoing-0 << "[0xd5]S[0xe0][0xad][0xa9]\[0x9e][0xcc][0xc4]p[0xa5][0xee]z[0xb5][0xa9][0xbf][0x9d][0xfe][0x7]\[0x85]C[0x1]M[0x9][0x0][0x0][\r][\n]"
[20180720 14:10:13-DEBUG][LoggingManagedHttpClientConnection.java:124][main]-- http-outgoing-0 << HTTP/1.1 200 OK
[20180720 14:10:13-DEBUG][LoggingManagedHttpClientConnection.java:127][main]-- http-outgoing-0 << Cache-Control: private, no-cache, no-store, proxy-revalidate, no-transform
[20180720 14:10:13-DEBUG][LoggingManagedHttpClientConnection.java:127][main]-- http-outgoing-0 << Connection: Keep-Alive
[20180720 14:10:13-DEBUG][LoggingManagedHttpClientConnection.java:127][main]-- http-outgoing-0 << Content-Encoding: gzip
[20180720 14:10:13-DEBUG][LoggingManagedHttpClientConnection.java:127][main]-- http-outgoing-0 << Content-Type: text/html
[20180720 14:10:13-DEBUG][LoggingManagedHttpClientConnection.java:127][main]-- http-outgoing-0 << Date: Fri, 20 Jul 2018 06:10:21 GMT
[20180720 14:10:13-DEBUG][LoggingManagedHttpClientConnection.java:127][main]-- http-outgoing-0 << Last-Modified: Mon, 23 Jan 2017 13:27:52 GMT
[20180720 14:10:13-DEBUG][LoggingManagedHttpClientConnection.java:127][main]-- http-outgoing-0 << Pragma: no-cache
[20180720 14:10:13-DEBUG][LoggingManagedHttpClientConnection.java:127][main]-- http-outgoing-0 << Server: bfe/1.0.8.18
[20180720 14:10:13-DEBUG][LoggingManagedHttpClientConnection.java:127][main]-- http-outgoing-0 << Set-Cookie: BDORZ=27315; max-age=86400; domain=.baidu.com; path=/
[20180720 14:10:13-DEBUG][LoggingManagedHttpClientConnection.java:127][main]-- http-outgoing-0 << Transfer-Encoding: chunked
[20180720 14:10:13-DEBUG][MainClientExec.java:284][main]-- Connection can be kept alive indefinitely
[20180720 14:10:13-DEBUG][ResponseProcessCookies.java:118][main]-- Cookie accepted [BDORZ="27315", version:0, domain:baidu.com, path:/, expiry:null]
[20180720 14:10:13-DEBUG][ConnectionHolder.java:144][main]-- Cancelling request execution
[20180720 14:10:13-DEBUG][LoggingManagedHttpClientConnection.java:98][main]-- http-outgoing-0: Shutdown connection
[20180720 14:10:13-DEBUG][ConnectionHolder.java:128][main]-- Connection discarded
[20180720 14:10:13-DEBUG][PoolingHttpClientConnectionManager.java:320][main]-- Connection released: [id: 0][route: {}->http://www.baidu.com:80][total kept alive: 0; route allocated: 0 of 2; total allocated: 0 of 20]
[20180720 14:11:37-DEBUG][RequestAddCookies.java:122][main]-- CookieSpec selected: default
[20180720 14:11:37-DEBUG][RequestAuthCache.java:76][main]-- Auth cache not set in the context
[20180720 14:11:37-DEBUG][PoolingHttpClientConnectionManager.java:249][main]-- Connection request: [route: {}->http://www.baidu.com:80][total kept alive: 0; route allocated: 0 of 2; total allocated: 0 of 20]
[20180720 14:11:37-DEBUG][PoolingHttpClientConnectionManager.java:282][main]-- Connection leased: [id: 0][route: {}->http://www.baidu.com:80][total kept alive: 0; route allocated: 1 of 2; total allocated: 1 of 20]
[20180720 14:11:37-DEBUG][MainClientExec.java:234][main]-- Opening connection {}->http://www.baidu.com:80
[20180720 14:11:38-DEBUG][DefaultHttpClientConnectionOperator.java:138][main]-- Connecting to www.baidu.com/14.215.177.38:80
[20180720 14:11:38-DEBUG][DefaultHttpClientConnectionOperator.java:145][main]-- Connection established 10.10.10.207:53543<->14.215.177.38:80
[20180720 14:11:38-DEBUG][MainClientExec.java:255][main]-- Executing request GET / HTTP/1.1
[20180720 14:11:38-DEBUG][MainClientExec.java:260][main]-- Target auth state: UNCHALLENGED
[20180720 14:11:38-DEBUG][MainClientExec.java:266][main]-- Proxy auth state: UNCHALLENGED
[20180720 14:11:38-DEBUG][LoggingManagedHttpClientConnection.java:135][main]-- http-outgoing-0 >> GET / HTTP/1.1
[20180720 14:11:38-DEBUG][LoggingManagedHttpClientConnection.java:138][main]-- http-outgoing-0 >> Host: www.baidu.com
[20180720 14:11:38-DEBUG][LoggingManagedHttpClientConnection.java:138][main]-- http-outgoing-0 >> Connection: Keep-Alive
[20180720 14:11:38-DEBUG][LoggingManagedHttpClientConnection.java:138][main]-- http-outgoing-0 >> User-Agent: Apache-HttpClient/4.5.2 (Java/1.8.0_91)
[20180720 14:11:38-DEBUG][LoggingManagedHttpClientConnection.java:138][main]-- http-outgoing-0 >> Accept-Encoding: gzip,deflate
[20180720 14:11:38-DEBUG][Wire.java:72][main]-- http-outgoing-0 >> "GET / HTTP/1.1[\r][\n]"
[20180720 14:11:38-DEBUG][Wire.java:72][main]-- http-outgoing-0 >> "Host: www.baidu.com[\r][\n]"
[20180720 14:11:38-DEBUG][Wire.java:72][main]-- http-outgoing-0 >> "Connection: Keep-Alive[\r][\n]"
[20180720 14:11:38-DEBUG][Wire.java:72][main]-- http-outgoing-0 >> "User-Agent: Apache-HttpClient/4.5.2 (Java/1.8.0_91)[\r][\n]"
[20180720 14:11:38-DEBUG][Wire.java:72][main]-- http-outgoing-0 >> "Accept-Encoding: gzip,deflate[\r][\n]"
[20180720 14:11:38-DEBUG][Wire.java:72][main]-- http-outgoing-0 >> "[\r][\n]"
[20180720 14:11:38-DEBUG][Wire.java:72][main]-- http-outgoing-0 << "HTTP/1.1 200 OK[\r][\n]"
[20180720 14:11:38-DEBUG][Wire.java:72][main]-- http-outgoing-0 << "Cache-Control: private, no-cache, no-store, proxy-revalidate, no-transform[\r][\n]"
[20180720 14:11:38-DEBUG][Wire.java:72][main]-- http-outgoing-0 << "Connection: Keep-Alive[\r][\n]"
[20180720 14:11:38-DEBUG][Wire.java:72][main]-- http-outgoing-0 << "Content-Encoding: gzip[\r][\n]"
[20180720 14:11:38-DEBUG][Wire.java:72][main]-- http-outgoing-0 << "Content-Type: text/html[\r][\n]"
[20180720 14:11:38-DEBUG][Wire.java:72][main]-- http-outgoing-0 << "Date: Fri, 20 Jul 2018 06:11:45 GMT[\r][\n]"
[20180720 14:11:38-DEBUG][Wire.java:72][main]-- http-outgoing-0 << "Last-Modified: Mon, 23 Jan 2017 13:27:52 GMT[\r][\n]"
[20180720 14:11:38-DEBUG][Wire.java:72][main]-- http-outgoing-0 << "Pragma: no-cache[\r][\n]"
[20180720 14:11:38-DEBUG][Wire.java:72][main]-- http-outgoing-0 << "Server: bfe/1.0.8.18[\r][\n]"
[20180720 14:11:38-DEBUG][Wire.java:72][main]-- http-outgoing-0 << "Set-Cookie: BDORZ=27315; max-age=86400; domain=.baidu.com; path=/[\r][\n]"
[20180720 14:11:38-DEBUG][Wire.java:72][main]-- http-outgoing-0 << "Transfer-Encoding: chunked[\r][\n]"
[20180720 14:11:38-DEBUG][Wire.java:72][main]-- http-outgoing-0 << "[\r][\n]"
[20180720 14:11:38-DEBUG][Wire.java:72][main]-- http-outgoing-0 << "476[\r][\n]"
[20180720 14:11:38-DEBUG][Wire.java:72][main]-- http-outgoing-0 << "[0x1f][0x8b][0x8][0x0][0x0][0x0][0x0][0x0][0x0][0x3][0x85]V[o[0xdc]D[0x14]~G[0xe2]?L[0x8d][0x92][0xb4][0x8a]v[0x9d][0xdd]U[0xd5][0x92][0xb5][0x1d][0x85]4H[0x11][0xf][0xad]h"[0xc1][0xd3]jl[0x8f][0xd7][0xd3][0xd8]3[0xc6]3^gyj[0xa4][0x16][0x81][0xa0][0x4]T.[0x82]"[0x81][0x10]4< 5[0x88]HT)i[0xff][0xcc]:[0x97]'[0xfe][0x2]g[0xec][0xd9][0xec]n[0xb2]QW+[0xd9]s[0xe6][0xcc]w[0xbe]s[0x1d][Wn[0xdd]^Y[0xff][0xf0][0xce]*[\n]"
[20180720 14:11:38-DEBUG][Wire.java:72][main]-- http-outgoing-0 << "e[0x1c]9o[0xbe]a][0xa9][0xd5][0xee][0xae]/[0xaf]o[0xdc]E[0xb7][0xdf][0xab][0xd5][0x1c][0xab][0x94]#+$[0xd8]w[0xac][0x98]H[0xc][0x9a]2[0xa9][0x91][0x8f]2[0xda][0xb3]=[0xce]$a[0xb2]&[0xfb][0x9]AzaK[0xb2]%Mu[0xac][0xed][0x85]8[0x15]D[0xda][0x99][0xc]j7/[0x9e][0xfe][0xa0][0xb6][0xb1]\[[0xe1]q[0x82]%u[0xa3][0x11][0xc0][0xda][0xaa][0xbd][0xea]w[0x89]>0[0x84][0xc5]Q[0x8e][0xfb][0x2]1[0x1c][0x13];%[0x1]IS[0x92]:VD[0xd9]&JId[0xb][0xd9][0x8f][0x88][0x8][0x9][0x91]H[0xb1][0xa9]XxB[0xa0][0x10][0x94]m[0xc5]y[0xd1]4E[0xa3][0xee][0xfa]B[0x82]=[0xaf][0xee][0xf1][0xd8]L[0xcd]<[0xcf]M[0xf]{!1][0x9f][0xa7][0x1f][0x9b].[0xa6]~V[0x8f])[0xab][0xc3]Y[0xc7][0x92]TF[0xc4]9[0xfe][0xe1]eq[0xf0]t[0xf0][0xfc][0xfe][0xe0][0xf9][0xe7][0xff][0xfd][0xfb][0xc5][0xe0][0xf0][0x97]b[0xef][0xaf][0xe3][0x9f]?[0xdd]~l[0x99][0x95][0x8a]e[0x96][0x11]B[0x96][0xcb][0xfd]>R[0xac][0xec][0xb7][0x16][0xe0][0xe7]y[0xe][0xb2]|[0xda]C[0xd4][0xb7][0xf3][0x14]'[0x9][0x90]>[0x13][0xe8]#j[0xdb][0x8b][0xb0][0x10][0xb6][0x12]t&[0xd5][0xaa][\r][0xd1][0x9]x[0x1a][0xeb][0x93][0xe3][0xa2]s[0xda]`%[0xea][0x82][0x1a][0x8d][0xbb]([0xa4]>[0x9][0xb8][0x97][0x9][[0xa6][0x19]A"[0xf5]lS[0xf9][[0xaf]|T[0xfe][0x83][0x1a][0xf8][0xdd][0x89]x[0x97]7[0xea][0x9][0xeb][0xa2][0x9c][0xfa]2[0xb4][0x9b]7[0x16]PHh7[0x94]v[0xa3][0xf9]6[0xc0][0x99]@[0x11][0x1e][0x8a][0x83]r[0xa4]|[0x96][0x89][0x8][0x10][0xf6]$[0xe5][0xec][0x2][0xb2][0xd0][0x1e][0x5][0x8a]4eI[0xa6][0xd3][0x2][0xa4]|[0xc2][0xaa],[0x96][0x11][0xef][0x0][0xf][0x82]z8[0xca][0x88][0xdd][0xb8]\[0x97][0xe]u[0xaa]Z[0xba][0x14]3[0xd0]P7/[0x87]JE[0xaf][0xe3]&[0xaf]7[0xa9][0xf4][0xa8][0xbf][0xf5]zE[0xc9][0xb4]N[0x19]X[0xc7][0x12][0x9]f[0xda]}[0xc3][0xed]"[0xd1][0xa1][0x89][0x84]<[0x19][0x8e][0xe][0x4]Dp3[0xaf]B[0x90][0xfb]Z[0xb1]T[0xaa]`P[0x8c][0xb7]"[0xc2][0xba]*[0x11][0xd7][0xaf]#[0x9c]I[0xe]1J""[0x89][0xcd][0x3][0x88]8[0x8][0xca][0xbc]:[0x96][0xa9]LM1[0xe8]J6n[0xb0]l[0x8][0x91][0xb9]1[0x95]*}"[0xd3]|[0xc7][0xeb]z[0x82]0[0x9c][0x7][0xb6][0x15]:d_[0xd7][0x9e][0xae][0x2][0xfd][0xd0]E[0x9d][0xa9][0xa4][0xc1]P[0x18][0xeb]2Fr1*[0xb2][0xca]Qy[0xaf]#S[0xb5][0xa1][0xed][0xc4][0xc][0xf7][0x9c][0xa3][0xef][0xf6]N[0xbf]a[0x99][0xf8][0x2][0x84]*[0xd3][0x10][0xf3]F[0xb3][0xa5][0xfa]t[0xc][0xa2][0x12][0x8e][0x83]T[0x92]i 1N[0xa6][0xd2][0x0][0xf9]8@[0xf1][0xd3]^[0xf1][0xe4][0xe5]4[0x80][0xde][0xd4][0xe3]=[0xe8]+>[0xe]p[0xb2][0xfb][0xc9][0xe9][0xaf]_O[0x3][0x90][0x94][0xb8]x*H[0xb9]3[0x1][0xb2][0xbf]_|[0xb5][[0x81]0.[0xbc][0x14][0x8a]fjXF[0xdd][M,h^[0x98]V][0x1a],[0x95]o[0xb3]8N[0xda]2[0x89][0xec][0x98][0x95][0xaf]Y9[0xfb]fZ[0xcb]3[0xcd]w[0xe1]?[0xd1][0xff]3[0xcd]`[0xa6][0x15][0x8c][0xda]p[0xa6][0xe5]7[0xce]b][0xa2]i[0x86][0x91][0xb]3[0xf0]Eq[0xf8]m[0xc5][0xcf][0x1c]#[0xa8][0x99][0xfa]0hb[0xb8][\n]"
[20180720 14:11:38-DEBUG][Wire.java:86][main]-- http-outgoing-0 << "[0xea]yJ%[0xb9]:7,[0x9]CO[0xde][0x9][0xbb]z[0xd6][0x9e]g[0xae]Yg[0xf6][0xdc]<"[0xcc][0xe3]>[0xd9]xm[0x5]J[0x9f]3@[0xbe][0x9a]S[0xe6][0xf3][0xbc][0x1e]q[0xf][0xe6]7guUr[0xf3][0xe8][0x82]X[0x10][0x9c]z![0xb2]m[0x1b][0x19][0x6]ZB[0xc6][0x92][0x81][0x16][0x91]1k\[0x9b]G[0xc6][0xc8]W[0xbb][0xa1][0x4]sF[0xe5][0xaf][0x1][0xf5]Y[0xd2]1[0xb4][0xc7]F[0xe4][0x1a]c>[0xcf]]kC;[0x9c]K[0xca][0xf9]i[0x1a][0xf3][0x94][0x98]g[0xf1]sSJ[0xe1][0xee][0xd2]x[0xb0]B[0xe5][0x15]e[0x1b]>[0x15]I[0x84][0xfb][0x8b][0xc8][0x5]W6[0xdb][0x86]s[0xf4]d[0xbf][0xf8][0xed][0xc7][0xc1][0xc1]n[0xf1]x[[0x7][0xb8][0x9a][0xb7]S[0x1b].[0x90]+[0x9c]Ae[0xe8][0xfe]+[0x97]9[0xac][0x13][0xd5][0xda]Qx[0xa1]fB[0x98][0xaf][0xa3][0x12]t[0x8a][0x87][0xf][0xe][0xbe][0xac]:Z[0xc9][0xd2]tLy[0xd9][0xe5]0[0xb8][0xdf]Qw[0xa2]&[0x96][0xc]-y[0x89]3[0xeb][0xf1][0xa4][0xdf]n.4n[0xcc]2W$[0xed]R[0xaf]z[0x1d][0xa6]j[0xf6][0xfd]L[0xf6]Mgp[0xf8][0xea][0xf8][0x9b]?*"[0xc5]g[0x8f][0x8a]W[0xf]O[0x9e][0x95][0xb3][0xa0]B8?T[0xee]Q[0xcc][0xfa]t[0xc4]"
[20180720 14:11:38-DEBUG][LoggingManagedHttpClientConnection.java:124][main]-- http-outgoing-0 << HTTP/1.1 200 OK
[20180720 14:11:38-DEBUG][LoggingManagedHttpClientConnection.java:127][main]-- http-outgoing-0 << Cache-Control: private, no-cache, no-store, proxy-revalidate, no-transform
[20180720 14:11:38-DEBUG][LoggingManagedHttpClientConnection.java:127][main]-- http-outgoing-0 << Connection: Keep-Alive
[20180720 14:11:38-DEBUG][LoggingManagedHttpClientConnection.java:127][main]-- http-outgoing-0 << Content-Encoding: gzip
[20180720 14:11:38-DEBUG][LoggingManagedHttpClientConnection.java:127][main]-- http-outgoing-0 << Content-Type: text/html
[20180720 14:11:38-DEBUG][LoggingManagedHttpClientConnection.java:127][main]-- http-outgoing-0 << Date: Fri, 20 Jul 2018 06:11:45 GMT
[20180720 14:11:38-DEBUG][LoggingManagedHttpClientConnection.java:127][main]-- http-outgoing-0 << Last-Modified: Mon, 23 Jan 2017 13:27:52 GMT
[20180720 14:11:38-DEBUG][LoggingManagedHttpClientConnection.java:127][main]-- http-outgoing-0 << Pragma: no-cache
[20180720 14:11:38-DEBUG][LoggingManagedHttpClientConnection.java:127][main]-- http-outgoing-0 << Server: bfe/1.0.8.18
[20180720 14:11:38-DEBUG][LoggingManagedHttpClientConnection.java:127][main]-- http-outgoing-0 << Set-Cookie: BDORZ=27315; max-age=86400; domain=.baidu.com; path=/
[20180720 14:11:38-DEBUG][LoggingManagedHttpClientConnection.java:127][main]-- http-outgoing-0 << Transfer-Encoding: chunked
[20180720 14:11:38-DEBUG][MainClientExec.java:284][main]-- Connection can be kept alive indefinitely
[20180720 14:11:38-DEBUG][ResponseProcessCookies.java:118][main]-- Cookie accepted [BDORZ="27315", version:0, domain:baidu.com, path:/, expiry:null]
[20180720 14:11:38-DEBUG][Wire.java:72][main]-- http-outgoing-0 << "[0xcd][0xd4][0x81][0xf5][0x92]Z@[0x88][0xef]bo[0xd3]9z[0xb0]s[0xb2][0xbb]][0xec]<:}[0xfa][0xa9][0xe2][![\r][0xe][0xfe]\[[0xb9]s[0xf2]l{[0xa1][0x5]T[[0xc5][0xce]?C[0xb][0xea][0x96][0xbc][0xec]Z[0xec][\n]"
[20180720 14:11:38-DEBUG][Wire.java:72][main]-- http-outgoing-0 << "[0xd5]S[0xe0][0xad][0xa9]\[0x9e][0xcc][0xc4]p[0xa5][0xee]z[0xb5][0xa9][0xbf][0x9d][0xfe][0x7]\[0x85]C[0x1]M[0x9][0x0][0x0][\r][\n]"
[20180720 14:11:38-DEBUG][Wire.java:72][main]-- http-outgoing-0 << "0[\r][\n]"
[20180720 14:11:38-DEBUG][Wire.java:72][main]-- http-outgoing-0 << "[\r][\n]"
[20180720 14:11:38-DEBUG][PoolingHttpClientConnectionManager.java:314][main]-- Connection [id: 0][route: {}->http://www.baidu.com:80] can be kept alive indefinitely
[20180720 14:11:38-DEBUG][PoolingHttpClientConnectionManager.java:320][main]-- Connection released: [id: 0][route: {}->http://www.baidu.com:80][total kept alive: 1; route allocated: 1 of 2; total allocated: 1 of 20]
[20180720 14:11:38-DEBUG][ConnectionHolder.java:144][main]-- Cancelling request execution
[20180720 14:13:17-DEBUG][RequestAddCookies.java:122][main]-- CookieSpec selected: default
[20180720 14:13:18-DEBUG][RequestAuthCache.java:76][main]-- Auth cache not set in the context
[20180720 14:13:18-DEBUG][PoolingHttpClientConnectionManager.java:249][main]-- Connection request: [route: {s}->https://open.weixin.qq.com:443][total kept alive: 0; route allocated: 0 of 2; total allocated: 0 of 20]
[20180720 14:13:18-DEBUG][PoolingHttpClientConnectionManager.java:282][main]-- Connection leased: [id: 0][route: {s}->https://open.weixin.qq.com:443][total kept alive: 0; route allocated: 1 of 2; total allocated: 1 of 20]
[20180720 14:13:18-DEBUG][MainClientExec.java:234][main]-- Opening connection {s}->https://open.weixin.qq.com:443
[20180720 14:13:18-DEBUG][DefaultHttpClientConnectionOperator.java:138][main]-- Connecting to open.weixin.qq.com/180.163.21.166:443
[20180720 14:13:18-DEBUG][SSLConnectionSocketFactory.java:335][main]-- Connecting socket to open.weixin.qq.com/180.163.21.166:443 with timeout 0
[20180720 14:13:18-DEBUG][SSLConnectionSocketFactory.java:388][main]-- Enabled protocols: [TLSv1, TLSv1.1, TLSv1.2]
[20180720 14:13:18-DEBUG][SSLConnectionSocketFactory.java:389][main]-- Enabled cipher suites:[TLS_ECDHE_ECDSA_WITH_AES_128_CBC_SHA256, TLS_ECDHE_RSA_WITH_AES_128_CBC_SHA256, TLS_RSA_WITH_AES_128_CBC_SHA256, TLS_ECDH_ECDSA_WITH_AES_128_CBC_SHA256, TLS_ECDH_RSA_WITH_AES_128_CBC_SHA256, TLS_DHE_RSA_WITH_AES_128_CBC_SHA256, TLS_DHE_DSS_WITH_AES_128_CBC_SHA256, TLS_ECDHE_ECDSA_WITH_AES_128_CBC_SHA, TLS_ECDHE_RSA_WITH_AES_128_CBC_SHA, TLS_RSA_WITH_AES_128_CBC_SHA, TLS_ECDH_ECDSA_WITH_AES_128_CBC_SHA, TLS_ECDH_RSA_WITH_AES_128_CBC_SHA, TLS_DHE_RSA_WITH_AES_128_CBC_SHA, TLS_DHE_DSS_WITH_AES_128_CBC_SHA, TLS_ECDHE_ECDSA_WITH_AES_128_GCM_SHA256, TLS_ECDHE_RSA_WITH_AES_128_GCM_SHA256, TLS_RSA_WITH_AES_128_GCM_SHA256, TLS_ECDH_ECDSA_WITH_AES_128_GCM_SHA256, TLS_ECDH_RSA_WITH_AES_128_GCM_SHA256, TLS_DHE_RSA_WITH_AES_128_GCM_SHA256, TLS_DHE_DSS_WITH_AES_128_GCM_SHA256, TLS_ECDHE_ECDSA_WITH_3DES_EDE_CBC_SHA, TLS_ECDHE_RSA_WITH_3DES_EDE_CBC_SHA, SSL_RSA_WITH_3DES_EDE_CBC_SHA, TLS_ECDH_ECDSA_WITH_3DES_EDE_CBC_SHA, TLS_ECDH_RSA_WITH_3DES_EDE_CBC_SHA, SSL_DHE_RSA_WITH_3DES_EDE_CBC_SHA, SSL_DHE_DSS_WITH_3DES_EDE_CBC_SHA, TLS_EMPTY_RENEGOTIATION_INFO_SCSV]
[20180720 14:13:18-DEBUG][SSLConnectionSocketFactory.java:393][main]-- Starting handshake
[20180720 14:13:19-DEBUG][SSLConnectionSocketFactory.java:423][main]-- Secure session established
[20180720 14:13:19-DEBUG][SSLConnectionSocketFactory.java:424][main]--  negotiated protocol: TLSv1.2
[20180720 14:13:19-DEBUG][SSLConnectionSocketFactory.java:425][main]--  negotiated cipher suite: TLS_ECDHE_RSA_WITH_AES_128_GCM_SHA256
[20180720 14:13:19-DEBUG][SSLConnectionSocketFactory.java:433][main]--  peer principal: CN=mp.weixin.qq.com, OU=R&D, O=Shenzhen Tencent Computer Systems Company Limited, L=Shenzhen, ST=Guangdong, C=CN
[20180720 14:13:19-DEBUG][SSLConnectionSocketFactory.java:442][main]--  peer alternative names: [mp.weixin.qq.com, open.weixin.qq.com, sz.api.weixin.qq.com, mp.weixinbridge.com, long.open.weixin.qq.com, servicewechat.com, a.weixin.qq.com, sz.open.weixin.qq.com, hk.open.weixin.qq.com, developers.weixin.qq.com, sz.mp.weixin.qq.com, game.weixin.qq.com, api2.weixin.qq.com, hk.api.weixin.qq.com, api.weixin.qq.com, as.weixin.qq.com, ad.weixin.qq.com, sh.api.weixin.qq.com, hk.mp.weixin.qq.com]
[20180720 14:13:19-DEBUG][SSLConnectionSocketFactory.java:446][main]--  issuer principal: CN=GeoTrust RSA CA 2018, OU=www.digicert.com, O=DigiCert Inc, C=US
[20180720 14:13:19-DEBUG][DefaultHttpClientConnectionOperator.java:145][main]-- Connection established 10.10.10.207:53600<->180.163.21.166:443
[20180720 14:13:19-DEBUG][MainClientExec.java:255][main]-- Executing request GET /connect/oauth2/authorize?appid=wxe817dbc86823b97b&redirect_uri=http://www.baidu.com&response_type=code&scope=snsapi_userinfo&state=STATE HTTP/1.1
[20180720 14:13:19-DEBUG][MainClientExec.java:260][main]-- Target auth state: UNCHALLENGED
[20180720 14:13:19-DEBUG][MainClientExec.java:266][main]-- Proxy auth state: UNCHALLENGED
[20180720 14:13:19-DEBUG][LoggingManagedHttpClientConnection.java:135][main]-- http-outgoing-0 >> GET /connect/oauth2/authorize?appid=wxe817dbc86823b97b&redirect_uri=http://www.baidu.com&response_type=code&scope=snsapi_userinfo&state=STATE HTTP/1.1
[20180720 14:13:19-DEBUG][LoggingManagedHttpClientConnection.java:138][main]-- http-outgoing-0 >> Host: open.weixin.qq.com
[20180720 14:13:19-DEBUG][LoggingManagedHttpClientConnection.java:138][main]-- http-outgoing-0 >> Connection: Keep-Alive
[20180720 14:13:19-DEBUG][LoggingManagedHttpClientConnection.java:138][main]-- http-outgoing-0 >> User-Agent: Apache-HttpClient/4.5.2 (Java/1.8.0_91)
[20180720 14:13:19-DEBUG][LoggingManagedHttpClientConnection.java:138][main]-- http-outgoing-0 >> Accept-Encoding: gzip,deflate
[20180720 14:13:19-DEBUG][Wire.java:72][main]-- http-outgoing-0 >> "GET /connect/oauth2/authorize?appid=wxe817dbc86823b97b&redirect_uri=http://www.baidu.com&response_type=code&scope=snsapi_userinfo&state=STATE HTTP/1.1[\r][\n]"
[20180720 14:13:19-DEBUG][Wire.java:72][main]-- http-outgoing-0 >> "Host: open.weixin.qq.com[\r][\n]"
[20180720 14:13:19-DEBUG][Wire.java:72][main]-- http-outgoing-0 >> "Connection: Keep-Alive[\r][\n]"
[20180720 14:13:19-DEBUG][Wire.java:72][main]-- http-outgoing-0 >> "User-Agent: Apache-HttpClient/4.5.2 (Java/1.8.0_91)[\r][\n]"
[20180720 14:13:19-DEBUG][Wire.java:72][main]-- http-outgoing-0 >> "Accept-Encoding: gzip,deflate[\r][\n]"
[20180720 14:13:19-DEBUG][Wire.java:72][main]-- http-outgoing-0 >> "[\r][\n]"
[20180720 14:13:19-DEBUG][Wire.java:72][main]-- http-outgoing-0 << "HTTP/1.1 301 Moved Permanently[\r][\n]"
[20180720 14:13:19-DEBUG][Wire.java:72][main]-- http-outgoing-0 << "Connection: keep-alive[\r][\n]"
[20180720 14:13:19-DEBUG][Wire.java:72][main]-- http-outgoing-0 << "Location: https://open.weixin.qq.com/connect/oauth2/authorize?appid=wxe817dbc86823b97b&redirect_uri=http://www.baidu.com&response_type=code&scope=snsapi_userinfo&state=STATE&connect_redirect=1#wechat_redirect[\r][\n]"
[20180720 14:13:19-DEBUG][Wire.java:72][main]-- http-outgoing-0 << "X-WX-FJ: 000,000,0000000000[\r][\n]"
[20180720 14:13:19-DEBUG][Wire.java:72][main]-- http-outgoing-0 << "Content-Length: 0[\r][\n]"
[20180720 14:13:19-DEBUG][Wire.java:72][main]-- http-outgoing-0 << "[\r][\n]"
[20180720 14:13:19-DEBUG][LoggingManagedHttpClientConnection.java:124][main]-- http-outgoing-0 << HTTP/1.1 301 Moved Permanently
[20180720 14:13:19-DEBUG][LoggingManagedHttpClientConnection.java:127][main]-- http-outgoing-0 << Connection: keep-alive
[20180720 14:13:19-DEBUG][LoggingManagedHttpClientConnection.java:127][main]-- http-outgoing-0 << Location: https://open.weixin.qq.com/connect/oauth2/authorize?appid=wxe817dbc86823b97b&redirect_uri=http://www.baidu.com&response_type=code&scope=snsapi_userinfo&state=STATE&connect_redirect=1#wechat_redirect
[20180720 14:13:19-DEBUG][LoggingManagedHttpClientConnection.java:127][main]-- http-outgoing-0 << X-WX-FJ: 000,000,0000000000
[20180720 14:13:19-DEBUG][LoggingManagedHttpClientConnection.java:127][main]-- http-outgoing-0 << Content-Length: 0
[20180720 14:13:19-DEBUG][MainClientExec.java:284][main]-- Connection can be kept alive indefinitely
[20180720 14:13:19-DEBUG][PoolingHttpClientConnectionManager.java:314][main]-- Connection [id: 0][route: {s}->https://open.weixin.qq.com:443] can be kept alive indefinitely
[20180720 14:13:19-DEBUG][PoolingHttpClientConnectionManager.java:320][main]-- Connection released: [id: 0][route: {s}->https://open.weixin.qq.com:443][total kept alive: 1; route allocated: 1 of 2; total allocated: 1 of 20]
[20180720 14:13:19-DEBUG][DefaultRedirectStrategy.java:142][main]-- Redirect requested to location 'https://open.weixin.qq.com/connect/oauth2/authorize?appid=wxe817dbc86823b97b&redirect_uri=http://www.baidu.com&response_type=code&scope=snsapi_userinfo&state=STATE&connect_redirect=1#wechat_redirect'
[20180720 14:13:19-DEBUG][RedirectExec.java:144][main]-- Resetting target auth state
[20180720 14:13:19-DEBUG][RedirectExec.java:159][main]-- Redirecting to 'https://open.weixin.qq.com/connect/oauth2/authorize?appid=wxe817dbc86823b97b&redirect_uri=http://www.baidu.com&response_type=code&scope=snsapi_userinfo&state=STATE&connect_redirect=1#wechat_redirect' via {s}->https://open.weixin.qq.com:443
[20180720 14:13:19-DEBUG][RequestAddCookies.java:122][main]-- CookieSpec selected: default
[20180720 14:13:19-DEBUG][RequestAuthCache.java:76][main]-- Auth cache not set in the context
[20180720 14:13:19-DEBUG][PoolingHttpClientConnectionManager.java:249][main]-- Connection request: [route: {s}->https://open.weixin.qq.com:443][total kept alive: 1; route allocated: 1 of 2; total allocated: 1 of 20]
[20180720 14:13:19-DEBUG][PoolingHttpClientConnectionManager.java:282][main]-- Connection leased: [id: 0][route: {s}->https://open.weixin.qq.com:443][total kept alive: 0; route allocated: 1 of 2; total allocated: 1 of 20]
[20180720 14:13:19-DEBUG][MainClientExec.java:255][main]-- Executing request GET /connect/oauth2/authorize?appid=wxe817dbc86823b97b&redirect_uri=http://www.baidu.com&response_type=code&scope=snsapi_userinfo&state=STATE&connect_redirect=1 HTTP/1.1
[20180720 14:13:19-DEBUG][MainClientExec.java:260][main]-- Target auth state: UNCHALLENGED
[20180720 14:13:19-DEBUG][MainClientExec.java:266][main]-- Proxy auth state: UNCHALLENGED
[20180720 14:13:19-DEBUG][LoggingManagedHttpClientConnection.java:135][main]-- http-outgoing-0 >> GET /connect/oauth2/authorize?appid=wxe817dbc86823b97b&redirect_uri=http://www.baidu.com&response_type=code&scope=snsapi_userinfo&state=STATE&connect_redirect=1 HTTP/1.1
[20180720 14:13:19-DEBUG][LoggingManagedHttpClientConnection.java:138][main]-- http-outgoing-0 >> Host: open.weixin.qq.com
[20180720 14:13:19-DEBUG][LoggingManagedHttpClientConnection.java:138][main]-- http-outgoing-0 >> Connection: Keep-Alive
[20180720 14:13:19-DEBUG][LoggingManagedHttpClientConnection.java:138][main]-- http-outgoing-0 >> User-Agent: Apache-HttpClient/4.5.2 (Java/1.8.0_91)
[20180720 14:13:19-DEBUG][LoggingManagedHttpClientConnection.java:138][main]-- http-outgoing-0 >> Accept-Encoding: gzip,deflate
[20180720 14:13:19-DEBUG][Wire.java:72][main]-- http-outgoing-0 >> "GET /connect/oauth2/authorize?appid=wxe817dbc86823b97b&redirect_uri=http://www.baidu.com&response_type=code&scope=snsapi_userinfo&state=STATE&connect_redirect=1 HTTP/1.1[\r][\n]"
[20180720 14:13:19-DEBUG][Wire.java:72][main]-- http-outgoing-0 >> "Host: open.weixin.qq.com[\r][\n]"
[20180720 14:13:19-DEBUG][Wire.java:72][main]-- http-outgoing-0 >> "Connection: Keep-Alive[\r][\n]"
[20180720 14:13:19-DEBUG][Wire.java:72][main]-- http-outgoing-0 >> "User-Agent: Apache-HttpClient/4.5.2 (Java/1.8.0_91)[\r][\n]"
[20180720 14:13:19-DEBUG][Wire.java:72][main]-- http-outgoing-0 >> "Accept-Encoding: gzip,deflate[\r][\n]"
[20180720 14:13:19-DEBUG][Wire.java:72][main]-- http-outgoing-0 >> "[\r][\n]"
[20180720 14:13:19-DEBUG][Wire.java:72][main]-- http-outgoing-0 << "HTTP/1.1 200 OK[\r][\n]"
[20180720 14:13:19-DEBUG][Wire.java:72][main]-- http-outgoing-0 << "X-WX-FJ: 000,000,0000000000[\r][\n]"
[20180720 14:13:19-DEBUG][Wire.java:72][main]-- http-outgoing-0 << "Content-Type: text/html; charset=gbk[\r][\n]"
[20180720 14:13:19-DEBUG][Wire.java:72][main]-- http-outgoing-0 << "Cache-Control: no-cache, must-revalidate[\r][\n]"
[20180720 14:13:19-DEBUG][Wire.java:72][main]-- http-outgoing-0 << "Connection: keep-alive[\r][\n]"
[20180720 14:13:19-DEBUG][Wire.java:72][main]-- http-outgoing-0 << "Content-Encoding: gzip[\r][\n]"
[20180720 14:13:19-DEBUG][Wire.java:72][main]-- http-outgoing-0 << "Content-Length: 540[\r][\n]"
[20180720 14:13:19-DEBUG][Wire.java:72][main]-- http-outgoing-0 << "[\r][\n]"
[20180720 14:13:19-DEBUG][Wire.java:72][main]-- http-outgoing-0 << "[0x1f][0x8b][0x8][0x0][0x0][0x0][0x0][0x0][0x0][0x3][0xb5]TO[0x8b][0xd3]@[0x14][0xbf][0xfb])[0xa6][0xb9][0xb4][0x85]mf[0xb]=[0x88][0x9b][0x14][0x96]UPXY[0xf][0xb][0xe2][0xa9]L'/[0xcd][0xd3]d&;3IZ\[0xbf][0x8c][0x1e][0x16][0xc4][0xcb][0xb2]E[0x4][0x91]e[0xf][0xb2][0x87]E[0x11][0xf4][0xe4]W[0x10]/[0x1e]<;I[0x8c][0xad][0xa9]zs [0xc9][0xbc][0xf7][0xe6][0xf7]{[0xff][0xe6][0xc5][0xeb][0xdc]<[0xd8];|p[0xef][0x16][0x89]L[0x12][0x8f][0xaf]y[0xf5][0x87][0xd8][0xe5]E[0xc0][0x82]z[[0x89][0x9][0x18]F[0x4]K[0xc0]wr[0x84]"[0x95][0xca]8[0x84]Ka@[0x18][0xdf])00[0x91][0x1f]@[0x8e][0x1c][0x6][0x95][0xb0]EP[0xa0]A[0x16][0xf]4g1[0xf8][0xc3]-[0x92]iP[0x95][0xc4][0xa6]V[0xb1][0xed][0xfc]tDW[0x9e][0xbc][0xa9][0xc][0x16]kN5W[0x98][0x1a]b[0x16][0xa9]uk`n[0xe8]C[0x96][0xb3]Z[0xeb][0xac][0xce][0x95]+g[0x8a]d[0x8c][0xf8]6[0xc6][0x1c]g[0xcc]H[0xe5][0x96][0xfe]vg6>[0xd7][0xc8]}Y[0x80][0xda]c[0x1a]z[0xfd][0x9d][\r][0x1c][0xea][0xfb][0x80]s[0x14][0x16][0x9d]1[0x17]E[0x0][0xf3][0x83][0xb0][0xd7]M[0x90]+[0x99][0x80][0xd6] f[0xa0][0xba]}[0xd2][0xf1][0xc9]`[0xf8]'[0xf8][0xae][0x8][0x94][0xc4][0xa0][0x85]g[0xb5][0xf6]_[0xc0];R[Po[0x1d][0x85]i$[0x5]4[0xa0]>9>n[0xdb][0xd9]/[0xca]V.[0x18][0x92]^[0xa7]I[0xa6]O[0x1e][0xff]f,W y[0x96][0x94][0x5])Kn)[0x5][0xa8][0xdb][0x87]w[0xf7]m[0x8]][0xcf][0xa0][0x89]a|zr[0xf9][0xea][0xd9][0x8b][0xb3][0xef][0xcb][0xaf][0x17]W[0x1e][0xad]uu[0xef]y[0xc4][0x94][0x6][0xdb][0xeb][0xcc][0x84][0x83][0xeb][0xce][0xf8][0xbf][0xdc][0x8]/F[0xf1][0x88]([0x88]}G[0x9b]E[0xc]:[0x2][0xb0][0xac]k[0x17][0x80]k[0xed][0x90]HA[0xe8];[0x91]1[0xa9][0xbe]A[0xa9][0x2][0xed][0x16]s[0xf7][0xe8][0xc8][0xe5]2[0xa1]2[0x5]Ac[0x9c]jZ@[0x86]t[0xdb][0x1d][0xb9][0xc3]j[0xeb][0x96][0xd0]qw[0xe7][0xef]U)o_[0xab]*[0x1][0xe6][0x84][0xc7]Lk[0x9b][0x91][0xe5][0x98]$zf[0xa3]lk[0xd1][0xa6]=a[\n]"
[20180720 14:13:19-DEBUG][Wire.java:86][main]-- http-outgoing-0 << "[0x98][0xb5][0xe1][0xa6][0x5]E([0xc9]J[0xac]9([0xda][0xc7][0x12]m[0xb2][0x95]y6l[0xd1][0xa8][0xed]~R5[0xc5][0x19]_~[0xf9][0xf4][0xf9][0xfd][0xd3][0xf]o[0xcf][0xdf][0xbd]>yy[0xb5][0xfc]v[0xfe][0xfc]b[0xf9][0xe6][0xa3][0x9d][0xa6]Q[0xc3][[0xbd][[0xf9]>Y[\r][0x17][0xad][0xe7][0xa8][0x99][0xc2]z[0xf4],[0xbe][0xfa][0x5][0xfc][0x0][0xc]g[0xb7][0x82][0x1a][0x4][0x0][0x0]"
[20180720 14:13:19-DEBUG][LoggingManagedHttpClientConnection.java:124][main]-- http-outgoing-0 << HTTP/1.1 200 OK
[20180720 14:13:19-DEBUG][LoggingManagedHttpClientConnection.java:127][main]-- http-outgoing-0 << X-WX-FJ: 000,000,0000000000
[20180720 14:13:19-DEBUG][LoggingManagedHttpClientConnection.java:127][main]-- http-outgoing-0 << Content-Type: text/html; charset=gbk
[20180720 14:13:19-DEBUG][LoggingManagedHttpClientConnection.java:127][main]-- http-outgoing-0 << Cache-Control: no-cache, must-revalidate
[20180720 14:13:19-DEBUG][LoggingManagedHttpClientConnection.java:127][main]-- http-outgoing-0 << Connection: keep-alive
[20180720 14:13:19-DEBUG][LoggingManagedHttpClientConnection.java:127][main]-- http-outgoing-0 << Content-Encoding: gzip
[20180720 14:13:19-DEBUG][LoggingManagedHttpClientConnection.java:127][main]-- http-outgoing-0 << Content-Length: 540
[20180720 14:13:19-DEBUG][MainClientExec.java:284][main]-- Connection can be kept alive indefinitely
[20180720 14:13:19-DEBUG][PoolingHttpClientConnectionManager.java:314][main]-- Connection [id: 0][route: {s}->https://open.weixin.qq.com:443] can be kept alive indefinitely
[20180720 14:13:19-DEBUG][PoolingHttpClientConnectionManager.java:320][main]-- Connection released: [id: 0][route: {s}->https://open.weixin.qq.com:443][total kept alive: 1; route allocated: 1 of 2; total allocated: 1 of 20]
[20180720 14:13:19-DEBUG][ConnectionHolder.java:144][main]-- Cancelling request execution
